<?xml version="1.0" encoding="utf-8"?><testsuites name="pytest tests"><testsuite name="pytest" errors="0" failures="0" skipped="0" tests="9" time="9.994" timestamp="2026-09-18T19:14:52.283058+00:00" hostname="agent-env-cef40f4b-a1e7-471c-a922-b80f219269bd"><testcase classname="tests.test_iter12_financial" name="test_all_members_consistent" time="5.494" /><testcase classname="tests.test_iter12_financial" name="test_sum_dues_equals_finance_outstanding" time="0.215" /><testcase classname="tests.test_iter12_financial" name="test_examples_from_brief" time="1.169" /><testcase classname="tests.test_iter12_financial" name="test_partial_then_full_payment" time="0.596" /><testcase classname="tests.test_iter12_financial" name="test_payment_validation_rules" time="0.474" /><testcase classname="tests.test_iter12_financial" name="test_renew_recalcs_and_extends" time="0.347" /><testcase classname="tests.test_iter12_financial" name="test_due_filter" time="0.089" /><testcase classname="tests.test_iter12_financial" name="test_persistence_after_relogin" time="0.631" /><testcase classname="tests.test_iter12_financial" name="test_reports_and_dashboard" time="0.941" /></testsuite></testsuites>