<?xml version="1.0" encoding="utf-8"?><testsuites name="pytest tests"><testsuite name="pytest" errors="0" failures="2" skipped="0" tests="154" time="45.844" timestamp="2026-09-03T12:18:28.661607+00:00" hostname="agent-env-c43c9798-4763-40ab-9e51-6aef77f161f4"><testcase classname="tests.backend_test.TestPublicConfig" name="test_public_config" time="0.242" /><testcase classname="tests.backend_test.TestLogin" name="test_login_demo_by_email" time="0.395" /><testcase classname="tests.backend_test.TestLogin" name="test_login_httponly_flag_present" time="0.337" /><testcase classname="tests.backend_test.TestLogin" name="test_login_demo_by_mobile" time="0.350" /><testcase classname="tests.backend_test.TestLogin" name="test_login_super_admin" time="0.394" /><testcase classname="tests.backend_test.TestLogin" name="test_login_wrong_password" time="0.356" /><testcase classname="tests.backend_test.TestLogin" name="test_login_unknown_user" time="0.128" /><testcase classname="tests.backend_test.TestMeAndProtection" name="test_me_requires_auth" time="0.138" /><testcase classname="tests.backend_test.TestMeAndProtection" name="test_me_returns_org_outlets_subscription" time="0.438" /><testcase classname="tests.backend_test.TestMeAndProtection" name="test_dashboard_requires_auth" time="0.252" /><testcase classname="tests.backend_test.TestMeAndProtection" name="test_super_admin_blocked_from_org_endpoints" time="0.506" /><testcase classname="tests.backend_test.TestMeAndProtection" name="test_refresh_and_logout" time="0.829" /><testcase classname="tests.backend_test.TestMeAndProtection" name="test_invalid_token_rejected" time="0.163" /><testcase classname="tests.backend_test.TestDashboard" name="test_summary_shape_and_values" time="0.456" /><testcase classname="tests.backend_test.TestDashboard" name="test_summary_outlet_filter" time="0.705" /><testcase classname="tests.backend_test.TestDashboard" name="test_summary_bogus_outlet_returns_zeros" time="0.483" /><testcase classname="tests.backend_test.TestDashboard" name="test_recent_transactions" time="0.433" /><testcase classname="tests.backend_test.TestOnboarding" name="test_get_onboarding" time="0.459" /><testcase classname="tests.backend_test.TestOnboarding" name="test_dismiss_persists_and_restore" time="0.591" /><testcase classname="tests.backend_test.TestOnboarding" name="test_unknown_keys_ignored" time="0.424" /><testcase classname="tests.backend_test.TestRegistrationAndIsolation" name="test_register_creates_isolated_tenant" time="0.612" /><testcase classname="tests.backend_test.TestRegistrationAndIsolation" name="test_register_duplicate_email" time="0.559" /><testcase classname="tests.backend_test.TestRegistrationAndIsolation" name="test_register_validation[email-not-an-email-bad email]" time="0.171" /><testcase classname="tests.backend_test.TestRegistrationAndIsolation" name="test_register_validation[password-short-short password]" time="0.129" /><testcase classname="tests.backend_test.TestRegistrationAndIsolation" name="test_register_validation[phone-12345-short phone]" time="0.148" /><testcase classname="tests.backend_test.TestRegistrationAndIsolation" name="test_register_validation[full_name-A-short name]" time="0.153" /><testcase classname="tests.backend_test.TestRegistrationAndIsolation" name="test_register_11_digit_phone_normalised" time="0.381" /><testcase classname="tests.backend_test.TestPasswordReset" name="test_forgot_password_generic_for_known_and_unknown" time="0.204" /><testcase classname="tests.backend_test.TestPasswordReset" name="test_forgot_password_bad_email_422" time="0.153" /><testcase classname="tests.backend_test.TestPasswordReset" name="test_reset_token_stored_hashed_and_full_flow" time="4.032" /><testcase classname="tests.backend_test.TestBruteForce" name="test_lockout_app_level" time="0.312" /><testcase classname="tests.backend_test.TestBruteForce" name="test_lockout_via_public_ingress" time="0.870" /><testcase classname="tests.backend_test.TestCors" name="test_cors_allows_credentials_with_explicit_origin" time="0.002" /><testcase classname="tests.test_iter5_fixes" name="test_catalogue_not_empty[membership]" time="0.476" /><testcase classname="tests.test_iter5_fixes" name="test_catalogue_not_empty[pt]" time="0.090" /><testcase classname="tests.test_iter5_fixes" name="test_catalogue_not_empty[service]" time="0.107" /><testcase classname="tests.test_iter5_fixes" name="test_catalogue_not_empty[product]" time="0.082" /><testcase classname="tests.test_iter5_fixes" name="test_reports_include_id" time="0.190" /><testcase classname="tests.test_iter5_fixes" name="test_member_code_no_collision" time="0.870" /><testcase classname="tests.test_iter6_changeset.TestMemberPayable" name="test_next_code_does_not_consume" time="0.571" /><testcase classname="tests.test_iter6_changeset.TestMemberPayable" name="test_create_full_paid" time="0.339" /><testcase classname="tests.test_iter6_changeset.TestMemberPayable" name="test_create_partial" time="0.086" /><testcase classname="tests.test_iter6_changeset.TestMemberPayable" name="test_create_due" time="0.096" /><testcase classname="tests.test_iter6_changeset.TestMemberPayable" name="test_batch_auto_created" time="0.076" /><testcase classname="tests.test_iter6_changeset.TestMemberPayable" name="test_optional_step2_fields_persist" time="0.173" /><testcase classname="tests.test_iter6_changeset.TestMemberPayable" name="test_payment_row_created" time="0.157" /><testcase classname="tests.test_iter6_changeset.TestMemberFilters" name="test_gender_filter" time="0.093" /><testcase classname="tests.test_iter6_changeset.TestMemberFilters" name="test_batch_filter" time="0.079" /><testcase classname="tests.test_iter6_changeset.TestMemberFilters" name="test_search_field_scoping" time="0.272" /><testcase classname="tests.test_iter6_changeset.TestOutlets" name="test_create_outlet_name_address_only" time="0.187" /><testcase classname="tests.test_iter6_changeset.TestStaffPermissions" name="test_staff_created_with_permission_fields" time="0.340" /><testcase classname="tests.test_iter6_changeset.TestStaffPermissions" name="test_view_staff_can_read_members" time="0.410" /><testcase classname="tests.test_iter6_changeset.TestStaffPermissions" name="test_view_staff_cannot_create_member" time="0.462" /><testcase classname="tests.test_iter6_changeset.TestStaffPermissions" name="test_view_staff_cannot_mutate_plan_expense_enquiry_payment" time="1.277" /><testcase classname="tests.test_iter6_changeset.TestStaffPermissions" name="test_view_staff_no_finance_access" time="0.526" /><testcase classname="tests.test_iter6_changeset.TestStaffPermissions" name="test_enable_finance_grants_access" time="0.827" /><testcase classname="tests.test_iter6_changeset.TestStaffPermissions" name="test_invalid_permission_rejected" time="0.077" /><testcase classname="tests.test_iter6_changeset.TestPlanCategory" name="test_plan_type_tabs[membership]" time="0.169" /><testcase classname="tests.test_iter6_changeset.TestPlanCategory" name="test_plan_type_tabs[pt]" time="0.162" /><testcase classname="tests.test_iter6_changeset.TestPlanCategory" name="test_plan_type_tabs[service]" time="0.164" /><testcase classname="tests.test_iter6_changeset.TestPlanCategory" name="test_plan_type_tabs[product]" time="0.175" /><testcase classname="tests.test_iter6_changeset.TestPlanCategory" name="test_invalid_type_rejected" time="0.076" /><testcase classname="tests.test_iter6_changeset.TestPlatformSettings" name="test_price_propagation_and_restore" time="1.197" /><testcase classname="tests.test_iter6_changeset.TestPlatformSettings" name="test_invalid_price_rejected" time="0.095"><failure message="AssertionError: expected rejection got 500&#10;assert 500 in (400, 422)&#10; +  where 500 = &lt;Response [500]&gt;.status_code">self = &lt;test_iter6_changeset.TestPlatformSettings object at 0xfeb7f74514d0&gt;
superadmin = &lt;requests.sessions.Session object at 0xfeb7f75c4b50&gt;

    def test_invalid_price_rejected(self, superadmin):
        r = superadmin.put(f"{API}/admin/settings", json={"plan_price_inr": 0})
&gt;       assert r.status_code in (400, 422), f"expected rejection got {r.status_code}"
E       AssertionError: expected rejection got 500
E       assert 500 in (400, 422)
E        +  where 500 = &lt;Response [500]&gt;.status_code

tests/test_iter6_changeset.py:358: AssertionError</failure></testcase><testcase classname="tests.test_iter6_changeset.TestPlatformSettings" name="test_razorpay_keys_roundtrip" time="0.398" /><testcase classname="tests.test_iter6_changeset.TestPlatformSettings" name="test_price_only_update_preserves_other_settings" time="0.490"><failure message="AssertionError: partial settings update wiped razorpay_key_id&#10;assert '' == 'rzp_test_PRESERVE'&#10;  &#10;  - rzp_test_PRESERVE">self = &lt;test_iter6_changeset.TestPlatformSettings object at 0xfeb7f7451e90&gt;
superadmin = &lt;requests.sessions.Session object at 0xfeb7f75c4b50&gt;

    def test_price_only_update_preserves_other_settings(self, superadmin):
        orig = superadmin.get(f"{API}/admin/settings").json()
        try:
            superadmin.put(f"{API}/admin/settings", json={
                "razorpay_key_id": "rzp_test_PRESERVE",
                "razorpay_key_secret": "qa_secret",
                "plan_price_inr": int(orig.get("plan_price_inr") or 999),
            })
            # price-only update (partial payload) must not wipe stored keys
            superadmin.put(f"{API}/admin/settings", json={"plan_price_inr": 777})
            after = superadmin.get(f"{API}/admin/settings").json()
            assert after["plan_price_inr"] == 777
&gt;           assert after.get("razorpay_key_id") == "rzp_test_PRESERVE", \
                "partial settings update wiped razorpay_key_id"
E               AssertionError: partial settings update wiped razorpay_key_id
E               assert '' == 'rzp_test_PRESERVE'
E                 
E                 - rzp_test_PRESERVE

tests/test_iter6_changeset.py:395: AssertionError</failure></testcase><testcase classname="tests.test_iter6_changeset.TestPlatformSettings" name="test_settings_require_super_admin" time="0.074" /><testcase classname="tests.test_iter6_changeset.TestUploads" name="test_photo_upload_and_fetch" time="0.671" /><testcase classname="tests.test_iter6_changeset.TestUploads" name="test_photo_rejects_pdf" time="0.079" /><testcase classname="tests.test_iter6_changeset.TestUploads" name="test_attachment_accepts_pdf" time="0.299" /><testcase classname="tests.test_iter6_changeset.TestUploads" name="test_files_requires_auth" time="0.354" /><testcase classname="tests.test_iter6_changeset.TestAnnouncementsRemoved" name="test_announcements_endpoint_state" time="0.081" /><testcase classname="tests.test_iter6_changeset" name="test_zz_cleanup" time="0.847" /><testcase classname="tests.test_milestones.TestPlans" name="test_list_plans" time="0.573" /><testcase classname="tests.test_milestones.TestPlans" name="test_membership_plan_crud" time="0.530" /><testcase classname="tests.test_milestones.TestPlans" name="test_other_catalogue_types[pt-extra0]" time="0.226" /><testcase classname="tests.test_milestones.TestPlans" name="test_other_catalogue_types[service-extra1]" time="0.203" /><testcase classname="tests.test_milestones.TestPlans" name="test_other_catalogue_types[product-extra2]" time="0.205" /><testcase classname="tests.test_milestones.TestPlans" name="test_plan_validation" time="0.066" /><testcase classname="tests.test_milestones.TestMembers" name="test_seeded_list" time="0.077" /><testcase classname="tests.test_milestones.TestMembers" name="test_pagination" time="0.224" /><testcase classname="tests.test_milestones.TestMembers" name="test_search" time="0.078" /><testcase classname="tests.test_milestones.TestMembers" name="test_status_filter" time="0.067" /><testcase classname="tests.test_milestones.TestMembers" name="test_create_member_expiry_and_due" time="0.361" /><testcase classname="tests.test_milestones.TestMembers" name="test_update_member" time="0.138" /><testcase classname="tests.test_milestones.TestMembers" name="test_freeze_unfreeze" time="0.362" /><testcase classname="tests.test_milestones.TestMembers" name="test_record_payment_reduces_due" time="0.294" /><testcase classname="tests.test_milestones.TestMembers" name="test_renew" time="0.246" /><testcase classname="tests.test_milestones.TestMembers" name="test_transaction_history" time="0.063" /><testcase classname="tests.test_milestones.TestMembers" name="test_attendance_history_for_member" time="0.148" /><testcase classname="tests.test_milestones.TestMembers" name="test_duplicate_checkin_blocked" time="0.070" /><testcase classname="tests.test_milestones.TestMembers" name="test_checkout" time="0.219" /><testcase classname="tests.test_milestones.TestMembers" name="test_attendance_history_endpoint" time="0.069" /><testcase classname="tests.test_milestones.TestMembers" name="test_delete_member" time="0.227" /><testcase classname="tests.test_milestones.TestPayments" name="test_list_seeded" time="0.085" /><testcase classname="tests.test_milestones.TestPayments" name="test_method_filter" time="0.081" /><testcase classname="tests.test_milestones.TestEnquiries" name="test_create_and_list" time="0.138" /><testcase classname="tests.test_milestones.TestEnquiries" name="test_follow_up" time="0.143" /><testcase classname="tests.test_milestones.TestEnquiries" name="test_convert_to_member" time="0.207" /><testcase classname="tests.test_milestones.TestExpenses" name="test_crud" time="0.442" /><testcase classname="tests.test_milestones.TestExpenses" name="test_validation" time="0.069" /><testcase classname="tests.test_milestones.TestOutlets" name="test_crud_and_toggle" time="0.531" /><testcase classname="tests.test_milestones.TestOutlets" name="test_primary_outlet_cannot_be_disabled" time="0.169" /><testcase classname="tests.test_milestones.TestStaff" name="test_crud_login_and_disable" time="1.591" /><testcase classname="tests.test_milestones.TestStaff" name="test_invalid_role" time="0.068" /><testcase classname="tests.test_milestones.TestAnnouncements" name="test_audience_count" time="0.142" /><testcase classname="tests.test_milestones.TestAnnouncements" name="test_send_now_is_honest" time="0.144" /><testcase classname="tests.test_milestones.TestAnnouncements" name="test_scheduled" time="0.223" /><testcase classname="tests.test_milestones.TestAnnouncements" name="test_history_list" time="0.074" /><testcase classname="tests.test_milestones.TestAnnouncements" name="test_cleanup" time="0.080" /><testcase classname="tests.test_milestones.TestFinance" name="test_summary_ranges[today]" time="0.089" /><testcase classname="tests.test_milestones.TestFinance" name="test_summary_ranges[week]" time="0.075" /><testcase classname="tests.test_milestones.TestFinance" name="test_summary_ranges[month]" time="0.066" /><testcase classname="tests.test_milestones.TestFinance" name="test_summary_ranges[year]" time="0.068" /><testcase classname="tests.test_milestones.TestFinance" name="test_transactions" time="0.080" /><testcase classname="tests.test_milestones.TestFinance" name="test_outlet_filter" time="0.069" /><testcase classname="tests.test_milestones.TestFinance" name="test_custom_range" time="0.069" /><testcase classname="tests.test_milestones.TestReports" name="test_revenue_trend" time="0.080" /><testcase classname="tests.test_milestones.TestReports" name="test_member_growth" time="0.071" /><testcase classname="tests.test_milestones.TestReports" name="test_outstanding_dues" time="0.072" /><testcase classname="tests.test_milestones.TestReports" name="test_membership_expiry" time="0.066" /><testcase classname="tests.test_milestones.TestReports" name="test_enquiry_conversion" time="0.069" /><testcase classname="tests.test_milestones.TestExport" name="test_csv[members]" time="0.069" /><testcase classname="tests.test_milestones.TestExport" name="test_csv[payments]" time="0.073" /><testcase classname="tests.test_milestones.TestExport" name="test_csv[attendance]" time="0.081" /><testcase classname="tests.test_milestones.TestExport" name="test_csv[expenses]" time="0.067" /><testcase classname="tests.test_milestones.TestExport" name="test_csv[enquiries]" time="0.081" /><testcase classname="tests.test_milestones.TestExport" name="test_csv[staff]" time="0.068" /><testcase classname="tests.test_milestones.TestExport" name="test_csv[plans]" time="0.073" /><testcase classname="tests.test_milestones.TestExport" name="test_members_csv_rows" time="0.067" /><testcase classname="tests.test_milestones.TestExport" name="test_unknown_dataset" time="0.072" /><testcase classname="tests.test_milestones.TestSubscription" name="test_get_subscription" time="0.069" /><testcase classname="tests.test_milestones.TestSubscription" name="test_create_order_honest_503" time="0.063" /><testcase classname="tests.test_milestones.TestSubscription" name="test_verify_rejects" time="0.073" /><testcase classname="tests.test_milestones.TestMisc" name="test_support_request" time="0.074" /><testcase classname="tests.test_milestones.TestMisc" name="test_gym_profile_and_user_profile" time="0.143" /><testcase classname="tests.test_milestones.TestSuperAdmin" name="test_overview" time="0.446" /><testcase classname="tests.test_milestones.TestSuperAdmin" name="test_gyms_list_and_detail" time="0.178" /><testcase classname="tests.test_milestones.TestSuperAdmin" name="test_disable_reactivate_demo_gym" time="1.139" /><testcase classname="tests.test_milestones.TestSuperAdmin" name="test_platform_settings" time="0.281" /><testcase classname="tests.test_milestones.TestSuperAdmin" name="test_audit_logs" time="0.098" /><testcase classname="tests.test_milestones.TestSuperAdmin" name="test_org_routes_forbidden_for_super_admin" time="0.072" /><testcase classname="tests.test_milestones.TestSuperAdmin" name="test_admin_routes_forbidden_for_org_user" time="0.282" /><testcase classname="tests.test_milestones.TestTenantIsolation" name="test_fresh_org_is_empty_and_isolated" time="1.248" /><testcase classname="tests.test_milestones.TestTenantIsolation" name="test_cleanup_iso_org" time="0.023" /><testcase classname="tests.test_retest_iter4" name="test_membership_plans_present" time="0.443" /><testcase classname="tests.test_retest_iter4" name="test_all_plan_types_queryable" time="0.281" /><testcase classname="tests.test_retest_iter4" name="test_no_plan_missing_type" time="0.074" /><testcase classname="tests.test_retest_iter4" name="test_staff_roles_lowercase" time="0.071" /><testcase classname="tests.test_retest_iter4" name="test_staff_create_normalizes_role" time="0.160" /><testcase classname="tests.test_retest_iter4" name="test_primary_outlet_toggle_409" time="0.150" /><testcase classname="tests.test_retest_iter4" name="test_finance_summary" time="0.070" /><testcase classname="tests.test_retest_iter4" name="test_announcement_audience_count" time="0.151" /><testcase classname="tests.test_retest_iter4" name="test_super_admin_overview" time="0.850" /></testsuite></testsuites>