<?xml version="1.0" encoding="utf-8"?><testsuites name="pytest tests"><testsuite name="pytest" errors="0" failures="0" skipped="0" tests="6" time="3.996" timestamp="2026-09-18T19:36:04.147788+00:00" hostname="agent-env-cef40f4b-a1e7-471c-a922-b80f219269bd"><testcase classname="tests.test_iter13_editreverse.TestEditReversePayment" name="test_edit_then_reverse_flow" time="1.367" /><testcase classname="tests.test_iter13_editreverse.TestEditReversePayment" name="test_edit_validation" time="0.680" /><testcase classname="tests.test_iter13_editreverse.TestEditReversePayment" name="test_edit_higher_than_payable_clamps" time="0.480" /><testcase classname="tests.test_iter13_editreverse.TestFinanceInvariant" name="test_sum_dues_equals_outstanding" time="0.160" /><testcase classname="tests.test_iter13_editreverse.TestOnboardingProgression" name="test_fresh_gym_starts_empty_then_progresses" time="1.097" /><testcase classname="tests.test_iter13_editreverse.TestOnboardingProgression" name="test_onboarding_dismiss_persists" time="0.172" /></testsuite></testsuites>