<?xml version="1.0" encoding="utf-8"?><testsuites name="pytest tests"><testsuite name="pytest" errors="0" failures="0" skipped="0" tests="163" time="43.124" timestamp="2026-09-04T06:32:46.985753+00:00" hostname="agent-env-c43c9798-4763-40ab-9e51-6aef77f161f4"><testcase classname="tests.backend_test.TestPublicConfig" name="test_public_config" time="0.188" /><testcase classname="tests.backend_test.TestLogin" name="test_login_demo_by_email" time="0.397" /><testcase classname="tests.backend_test.TestLogin" name="test_login_httponly_flag_present" time="0.319" /><testcase classname="tests.backend_test.TestLogin" name="test_login_demo_by_mobile" time="0.404" /><testcase classname="tests.backend_test.TestLogin" name="test_login_super_admin" time="0.337" /><testcase classname="tests.backend_test.TestLogin" name="test_login_wrong_password" time="0.344" /><testcase classname="tests.backend_test.TestLogin" name="test_login_unknown_user" time="0.111" /><testcase classname="tests.backend_test.TestMeAndProtection" name="test_me_requires_auth" time="0.112" /><testcase classname="tests.backend_test.TestMeAndProtection" name="test_me_returns_org_outlets_subscription" time="0.404" /><testcase classname="tests.backend_test.TestMeAndProtection" name="test_dashboard_requires_auth" time="0.213" /><testcase classname="tests.backend_test.TestMeAndProtection" name="test_super_admin_blocked_from_org_endpoints" time="0.464" /><testcase classname="tests.backend_test.TestMeAndProtection" name="test_refresh_and_logout" time="0.638" /><testcase classname="tests.backend_test.TestMeAndProtection" name="test_invalid_token_rejected" time="0.143" /><testcase classname="tests.backend_test.TestDashboard" name="test_summary_shape_and_values" time="0.421" /><testcase classname="tests.backend_test.TestDashboard" name="test_summary_outlet_filter" time="0.573" /><testcase classname="tests.backend_test.TestDashboard" name="test_summary_bogus_outlet_returns_zeros" time="0.402" /><testcase classname="tests.backend_test.TestDashboard" name="test_recent_transactions" time="0.409" /><testcase classname="tests.backend_test.TestOnboarding" name="test_get_onboarding" time="0.407" /><testcase classname="tests.backend_test.TestOnboarding" name="test_dismiss_persists_and_restore" time="0.549" /><testcase classname="tests.backend_test.TestOnboarding" name="test_unknown_keys_ignored" time="0.379" /><testcase classname="tests.backend_test.TestRegistrationAndIsolation" name="test_register_creates_isolated_tenant" time="0.545" /><testcase classname="tests.backend_test.TestRegistrationAndIsolation" name="test_register_duplicate_email" time="0.464" /><testcase classname="tests.backend_test.TestRegistrationAndIsolation" name="test_register_validation[email-not-an-email-bad email]" time="0.115" /><testcase classname="tests.backend_test.TestRegistrationAndIsolation" name="test_register_validation[password-short-short password]" time="0.114" /><testcase classname="tests.backend_test.TestRegistrationAndIsolation" name="test_register_validation[phone-12345-short phone]" time="0.095" /><testcase classname="tests.backend_test.TestRegistrationAndIsolation" name="test_register_validation[full_name-A-short name]" time="0.136" /><testcase classname="tests.backend_test.TestRegistrationAndIsolation" name="test_register_11_digit_phone_normalised" time="0.365" /><testcase classname="tests.backend_test.TestPasswordReset" name="test_forgot_password_generic_for_known_and_unknown" time="0.163" /><testcase classname="tests.backend_test.TestPasswordReset" name="test_forgot_password_bad_email_422" time="0.108" /><testcase classname="tests.backend_test.TestPasswordReset" name="test_reset_token_stored_hashed_and_full_flow" time="3.989" /><testcase classname="tests.backend_test.TestBruteForce" name="test_lockout_app_level" time="0.310" /><testcase classname="tests.backend_test.TestBruteForce" name="test_lockout_via_public_ingress" time="0.566" /><testcase classname="tests.backend_test.TestCors" name="test_cors_allows_credentials_with_explicit_origin" time="0.002" /><testcase classname="tests.test_iter5_fixes" name="test_catalogue_not_empty[membership]" time="0.385" /><testcase classname="tests.test_iter5_fixes" name="test_catalogue_not_empty[pt]" time="0.056" /><testcase classname="tests.test_iter5_fixes" name="test_catalogue_not_empty[service]" time="0.057" /><testcase classname="tests.test_iter5_fixes" name="test_catalogue_not_empty[product]" time="0.054" /><testcase classname="tests.test_iter5_fixes" name="test_reports_include_id" time="0.113" /><testcase classname="tests.test_iter5_fixes" name="test_member_code_no_collision" time="0.577" /><testcase classname="tests.test_iter6_changeset.TestMemberPayable" name="test_next_code_does_not_consume" time="0.441" /><testcase classname="tests.test_iter6_changeset.TestMemberPayable" name="test_create_full_paid" time="0.222" /><testcase classname="tests.test_iter6_changeset.TestMemberPayable" name="test_create_partial" time="0.060" /><testcase classname="tests.test_iter6_changeset.TestMemberPayable" name="test_create_due" time="0.057" /><testcase classname="tests.test_iter6_changeset.TestMemberPayable" name="test_batch_auto_created" time="0.060" /><testcase classname="tests.test_iter6_changeset.TestMemberPayable" name="test_optional_step2_fields_persist" time="0.118" /><testcase classname="tests.test_iter6_changeset.TestMemberPayable" name="test_payment_row_created" time="0.119" /><testcase classname="tests.test_iter6_changeset.TestMemberFilters" name="test_gender_filter" time="0.059" /><testcase classname="tests.test_iter6_changeset.TestMemberFilters" name="test_batch_filter" time="0.055" /><testcase classname="tests.test_iter6_changeset.TestMemberFilters" name="test_search_field_scoping" time="0.167" /><testcase classname="tests.test_iter6_changeset.TestOutlets" name="test_create_outlet_name_address_only" time="0.110" /><testcase classname="tests.test_iter6_changeset.TestStaffPermissions" name="test_staff_created_with_permission_fields" time="0.280" /><testcase classname="tests.test_iter6_changeset.TestStaffPermissions" name="test_view_staff_can_read_members" time="0.443" /><testcase classname="tests.test_iter6_changeset.TestStaffPermissions" name="test_view_staff_cannot_create_member" time="0.390" /><testcase classname="tests.test_iter6_changeset.TestStaffPermissions" name="test_view_staff_cannot_mutate_plan_expense_enquiry_payment" time="0.455" /><testcase classname="tests.test_iter6_changeset.TestStaffPermissions" name="test_view_staff_no_finance_access" time="0.409" /><testcase classname="tests.test_iter6_changeset.TestStaffPermissions" name="test_enable_finance_grants_access" time="0.573" /><testcase classname="tests.test_iter6_changeset.TestStaffPermissions" name="test_invalid_permission_rejected" time="0.060" /><testcase classname="tests.test_iter6_changeset.TestPlanCategory" name="test_plan_type_tabs[membership]" time="0.117" /><testcase classname="tests.test_iter6_changeset.TestPlanCategory" name="test_plan_type_tabs[pt]" time="0.115" /><testcase classname="tests.test_iter6_changeset.TestPlanCategory" name="test_plan_type_tabs[service]" time="0.111" /><testcase classname="tests.test_iter6_changeset.TestPlanCategory" name="test_plan_type_tabs[product]" time="0.121" /><testcase classname="tests.test_iter6_changeset.TestPlanCategory" name="test_invalid_type_rejected" time="0.078" /><testcase classname="tests.test_iter6_changeset.TestPlatformSettings" name="test_price_propagation_and_restore" time="0.856" /><testcase classname="tests.test_iter6_changeset.TestPlatformSettings" name="test_invalid_price_rejected" time="0.165" /><testcase classname="tests.test_iter6_changeset.TestPlatformSettings" name="test_razorpay_keys_roundtrip" time="0.209" /><testcase classname="tests.test_iter6_changeset.TestPlatformSettings" name="test_price_only_update_preserves_other_settings" time="0.252" /><testcase classname="tests.test_iter6_changeset.TestPlatformSettings" name="test_settings_require_super_admin" time="0.056" /><testcase classname="tests.test_iter6_changeset.TestUploads" name="test_photo_upload_and_fetch" time="0.628" /><testcase classname="tests.test_iter6_changeset.TestUploads" name="test_photo_rejects_pdf" time="0.057" /><testcase classname="tests.test_iter6_changeset.TestUploads" name="test_attachment_accepts_pdf" time="0.194" /><testcase classname="tests.test_iter6_changeset.TestUploads" name="test_files_requires_auth" time="0.323" /><testcase classname="tests.test_iter6_changeset.TestAnnouncementsRemoved" name="test_announcements_endpoint_state" time="0.063" /><testcase classname="tests.test_iter6_changeset" name="test_zz_cleanup" time="0.677" /><testcase classname="tests.test_iter7_fixes.TestPlatformSettingsFixed" name="test_zero_price_returns_422" time="0.389" /><testcase classname="tests.test_iter7_fixes.TestPlatformSettingsFixed" name="test_negative_price_returns_422" time="0.048" /><testcase classname="tests.test_iter7_fixes.TestPlatformSettingsFixed" name="test_partial_save_preserves_other_keys" time="0.296" /><testcase classname="tests.test_iter7_fixes.TestStaffPermissionAndDelete" name="test_manager_with_view_permission_cannot_write" time="1.580" /><testcase classname="tests.test_iter7_fixes.TestStaffPermissionAndDelete" name="test_manager_with_manage_permission_can_write" time="0.581" /><testcase classname="tests.test_iter7_fixes.TestStaffPermissionAndDelete" name="test_delete_staff_removes_linked_login_user" time="1.201" /><testcase classname="tests.test_iter7_fixes.TestPayableZeroPaid" name="test_full_discount_zero_paid_is_paid" time="0.285" /><testcase classname="tests.test_iter7_fixes.TestPayableZeroPaid" name="test_deleted_member_is_gone" time="0.284" /><testcase classname="tests.test_iter7_fixes" name="test_demo_batches_deduplicated" time="0.072" /><testcase classname="tests.test_milestones.TestPlans" name="test_list_plans" time="0.434" /><testcase classname="tests.test_milestones.TestPlans" name="test_membership_plan_crud" time="0.404" /><testcase classname="tests.test_milestones.TestPlans" name="test_other_catalogue_types[pt-extra0]" time="0.206" /><testcase classname="tests.test_milestones.TestPlans" name="test_other_catalogue_types[service-extra1]" time="0.208" /><testcase classname="tests.test_milestones.TestPlans" name="test_other_catalogue_types[product-extra2]" time="0.214" /><testcase classname="tests.test_milestones.TestPlans" name="test_plan_validation" time="0.066" /><testcase classname="tests.test_milestones.TestMembers" name="test_seeded_list" time="0.077" /><testcase classname="tests.test_milestones.TestMembers" name="test_pagination" time="0.140" /><testcase classname="tests.test_milestones.TestMembers" name="test_search" time="0.066" /><testcase classname="tests.test_milestones.TestMembers" name="test_status_filter" time="0.067" /><testcase classname="tests.test_milestones.TestMembers" name="test_create_member_expiry_and_due" time="0.347" /><testcase classname="tests.test_milestones.TestMembers" name="test_update_member" time="0.137" /><testcase classname="tests.test_milestones.TestMembers" name="test_freeze_unfreeze" time="0.350" /><testcase classname="tests.test_milestones.TestMembers" name="test_record_payment_reduces_due" time="0.279" /><testcase classname="tests.test_milestones.TestMembers" name="test_renew" time="0.213" /><testcase classname="tests.test_milestones.TestMembers" name="test_transaction_history" time="0.069" /><testcase classname="tests.test_milestones.TestMembers" name="test_attendance_history_for_member" time="0.138" /><testcase classname="tests.test_milestones.TestMembers" name="test_duplicate_checkin_blocked" time="0.068" /><testcase classname="tests.test_milestones.TestMembers" name="test_checkout" time="0.204" /><testcase classname="tests.test_milestones.TestMembers" name="test_attendance_history_endpoint" time="0.067" /><testcase classname="tests.test_milestones.TestMembers" name="test_delete_member" time="0.215" /><testcase classname="tests.test_milestones.TestPayments" name="test_list_seeded" time="0.081" /><testcase classname="tests.test_milestones.TestPayments" name="test_method_filter" time="0.070" /><testcase classname="tests.test_milestones.TestEnquiries" name="test_create_and_list" time="0.138" /><testcase classname="tests.test_milestones.TestEnquiries" name="test_follow_up" time="0.143" /><testcase classname="tests.test_milestones.TestEnquiries" name="test_convert_to_member" time="0.210" /><testcase classname="tests.test_milestones.TestExpenses" name="test_crud" time="0.400" /><testcase classname="tests.test_milestones.TestExpenses" name="test_validation" time="0.072" /><testcase classname="tests.test_milestones.TestOutlets" name="test_crud_and_toggle" time="0.492" /><testcase classname="tests.test_milestones.TestOutlets" name="test_primary_outlet_cannot_be_disabled" time="0.136" /><testcase classname="tests.test_milestones.TestStaff" name="test_crud_login_and_disable" time="1.563" /><testcase classname="tests.test_milestones.TestStaff" name="test_invalid_role" time="0.066" /><testcase classname="tests.test_milestones.TestAnnouncements" name="test_audience_count" time="0.134" /><testcase classname="tests.test_milestones.TestAnnouncements" name="test_send_now_is_honest" time="0.137" /><testcase classname="tests.test_milestones.TestAnnouncements" name="test_scheduled" time="0.204" /><testcase classname="tests.test_milestones.TestAnnouncements" name="test_history_list" time="0.067" /><testcase classname="tests.test_milestones.TestAnnouncements" name="test_cleanup" time="0.071" /><testcase classname="tests.test_milestones.TestFinance" name="test_summary_ranges[today]" time="0.069" /><testcase classname="tests.test_milestones.TestFinance" name="test_summary_ranges[week]" time="0.068" /><testcase classname="tests.test_milestones.TestFinance" name="test_summary_ranges[month]" time="0.069" /><testcase classname="tests.test_milestones.TestFinance" name="test_summary_ranges[year]" time="0.069" /><testcase classname="tests.test_milestones.TestFinance" name="test_transactions" time="0.078" /><testcase classname="tests.test_milestones.TestFinance" name="test_outlet_filter" time="0.067" /><testcase classname="tests.test_milestones.TestFinance" name="test_custom_range" time="0.068" /><testcase classname="tests.test_milestones.TestReports" name="test_revenue_trend" time="0.072" /><testcase classname="tests.test_milestones.TestReports" name="test_member_growth" time="0.072" /><testcase classname="tests.test_milestones.TestReports" name="test_outstanding_dues" time="0.067" /><testcase classname="tests.test_milestones.TestReports" name="test_membership_expiry" time="0.067" /><testcase classname="tests.test_milestones.TestReports" name="test_enquiry_conversion" time="0.069" /><testcase classname="tests.test_milestones.TestExport" name="test_csv[members]" time="0.068" /><testcase classname="tests.test_milestones.TestExport" name="test_csv[payments]" time="0.069" /><testcase classname="tests.test_milestones.TestExport" name="test_csv[attendance]" time="0.067" /><testcase classname="tests.test_milestones.TestExport" name="test_csv[expenses]" time="0.068" /><testcase classname="tests.test_milestones.TestExport" name="test_csv[enquiries]" time="0.067" /><testcase classname="tests.test_milestones.TestExport" name="test_csv[staff]" time="0.073" /><testcase classname="tests.test_milestones.TestExport" name="test_csv[plans]" time="0.066" /><testcase classname="tests.test_milestones.TestExport" name="test_members_csv_rows" time="0.068" /><testcase classname="tests.test_milestones.TestExport" name="test_unknown_dataset" time="0.066" /><testcase classname="tests.test_milestones.TestSubscription" name="test_get_subscription" time="0.074" /><testcase classname="tests.test_milestones.TestSubscription" name="test_create_order_honest_503" time="0.068" /><testcase classname="tests.test_milestones.TestSubscription" name="test_verify_rejects" time="0.068" /><testcase classname="tests.test_milestones.TestMisc" name="test_support_request" time="0.084" /><testcase classname="tests.test_milestones.TestMisc" name="test_gym_profile_and_user_profile" time="0.157" /><testcase classname="tests.test_milestones.TestSuperAdmin" name="test_overview" time="0.410" /><testcase classname="tests.test_milestones.TestSuperAdmin" name="test_gyms_list_and_detail" time="0.141" /><testcase classname="tests.test_milestones.TestSuperAdmin" name="test_disable_reactivate_demo_gym" time="0.975" /><testcase classname="tests.test_milestones.TestSuperAdmin" name="test_platform_settings" time="0.191" /><testcase classname="tests.test_milestones.TestSuperAdmin" name="test_audit_logs" time="0.073" /><testcase classname="tests.test_milestones.TestSuperAdmin" name="test_org_routes_forbidden_for_super_admin" time="0.068" /><testcase classname="tests.test_milestones.TestSuperAdmin" name="test_admin_routes_forbidden_for_org_user" time="0.274" /><testcase classname="tests.test_milestones.TestTenantIsolation" name="test_fresh_org_is_empty_and_isolated" time="1.079" /><testcase classname="tests.test_milestones.TestTenantIsolation" name="test_cleanup_iso_org" time="0.021" /><testcase classname="tests.test_retest_iter4" name="test_membership_plans_present" time="0.391" /><testcase classname="tests.test_retest_iter4" name="test_all_plan_types_queryable" time="0.225" /><testcase classname="tests.test_retest_iter4" name="test_no_plan_missing_type" time="0.060" /><testcase classname="tests.test_retest_iter4" name="test_staff_roles_lowercase" time="0.054" /><testcase classname="tests.test_retest_iter4" name="test_staff_create_normalizes_role" time="0.112" /><testcase classname="tests.test_retest_iter4" name="test_primary_outlet_toggle_409" time="0.115" /><testcase classname="tests.test_retest_iter4" name="test_finance_summary" time="0.060" /><testcase classname="tests.test_retest_iter4" name="test_announcement_audience_count" time="0.114" /><testcase classname="tests.test_retest_iter4" name="test_super_admin_overview" time="0.476" /></testsuite></testsuites>