<?xml version="1.0" encoding="utf-8"?><testsuites name="pytest tests"><testsuite name="pytest" errors="0" failures="0" skipped="0" tests="163" time="79.280" timestamp="2026-09-03T12:36:31.283235+00:00" hostname="agent-env-c43c9798-4763-40ab-9e51-6aef77f161f4"><testcase classname="tests.backend_test.TestPublicConfig" name="test_public_config" time="1.007" /><testcase classname="tests.backend_test.TestLogin" name="test_login_demo_by_email" time="0.354" /><testcase classname="tests.backend_test.TestLogin" name="test_login_httponly_flag_present" time="0.368" /><testcase classname="tests.backend_test.TestLogin" name="test_login_demo_by_mobile" time="0.350" /><testcase classname="tests.backend_test.TestLogin" name="test_login_super_admin" time="0.342" /><testcase classname="tests.backend_test.TestLogin" name="test_login_wrong_password" time="0.366" /><testcase classname="tests.backend_test.TestLogin" name="test_login_unknown_user" time="0.141" /><testcase classname="tests.backend_test.TestMeAndProtection" name="test_me_requires_auth" time="0.144" /><testcase classname="tests.backend_test.TestMeAndProtection" name="test_me_returns_org_outlets_subscription" time="0.452" /><testcase classname="tests.backend_test.TestMeAndProtection" name="test_dashboard_requires_auth" time="0.298" /><testcase classname="tests.backend_test.TestMeAndProtection" name="test_super_admin_blocked_from_org_endpoints" time="0.493" /><testcase classname="tests.backend_test.TestMeAndProtection" name="test_refresh_and_logout" time="0.710" /><testcase classname="tests.backend_test.TestMeAndProtection" name="test_invalid_token_rejected" time="0.175" /><testcase classname="tests.backend_test.TestDashboard" name="test_summary_shape_and_values" time="0.430" /><testcase classname="tests.backend_test.TestDashboard" name="test_summary_outlet_filter" time="0.733" /><testcase classname="tests.backend_test.TestDashboard" name="test_summary_bogus_outlet_returns_zeros" time="0.470" /><testcase classname="tests.backend_test.TestDashboard" name="test_recent_transactions" time="0.450" /><testcase classname="tests.backend_test.TestOnboarding" name="test_get_onboarding" time="0.480" /><testcase classname="tests.backend_test.TestOnboarding" name="test_dismiss_persists_and_restore" time="0.800" /><testcase classname="tests.backend_test.TestOnboarding" name="test_unknown_keys_ignored" time="0.465" /><testcase classname="tests.backend_test.TestRegistrationAndIsolation" name="test_register_creates_isolated_tenant" time="0.654" /><testcase classname="tests.backend_test.TestRegistrationAndIsolation" name="test_register_duplicate_email" time="0.576" /><testcase classname="tests.backend_test.TestRegistrationAndIsolation" name="test_register_validation[email-not-an-email-bad email]" time="0.156" /><testcase classname="tests.backend_test.TestRegistrationAndIsolation" name="test_register_validation[password-short-short password]" time="0.154" /><testcase classname="tests.backend_test.TestRegistrationAndIsolation" name="test_register_validation[phone-12345-short phone]" time="0.148" /><testcase classname="tests.backend_test.TestRegistrationAndIsolation" name="test_register_validation[full_name-A-short name]" time="0.164" /><testcase classname="tests.backend_test.TestRegistrationAndIsolation" name="test_register_11_digit_phone_normalised" time="0.365" /><testcase classname="tests.backend_test.TestPasswordReset" name="test_forgot_password_generic_for_known_and_unknown" time="0.231" /><testcase classname="tests.backend_test.TestPasswordReset" name="test_forgot_password_bad_email_422" time="0.174" /><testcase classname="tests.backend_test.TestPasswordReset" name="test_reset_token_stored_hashed_and_full_flow" time="4.338" /><testcase classname="tests.backend_test.TestBruteForce" name="test_lockout_app_level" time="0.311" /><testcase classname="tests.backend_test.TestBruteForce" name="test_lockout_via_public_ingress" time="0.773" /><testcase classname="tests.backend_test.TestCors" name="test_cors_allows_credentials_with_explicit_origin" time="0.002" /><testcase classname="tests.test_iter5_fixes" name="test_catalogue_not_empty[membership]" time="0.455" /><testcase classname="tests.test_iter5_fixes" name="test_catalogue_not_empty[pt]" time="0.081" /><testcase classname="tests.test_iter5_fixes" name="test_catalogue_not_empty[service]" time="0.081" /><testcase classname="tests.test_iter5_fixes" name="test_catalogue_not_empty[product]" time="0.093" /><testcase classname="tests.test_iter5_fixes" name="test_reports_include_id" time="0.180" /><testcase classname="tests.test_iter5_fixes" name="test_member_code_no_collision" time="0.835" /><testcase classname="tests.test_iter6_changeset.TestMemberPayable" name="test_next_code_does_not_consume" time="0.578" /><testcase classname="tests.test_iter6_changeset.TestMemberPayable" name="test_create_full_paid" time="0.366" /><testcase classname="tests.test_iter6_changeset.TestMemberPayable" name="test_create_partial" time="0.102" /><testcase classname="tests.test_iter6_changeset.TestMemberPayable" name="test_create_due" time="0.088" /><testcase classname="tests.test_iter6_changeset.TestMemberPayable" name="test_batch_auto_created" time="0.100" /><testcase classname="tests.test_iter6_changeset.TestMemberPayable" name="test_optional_step2_fields_persist" time="0.208" /><testcase classname="tests.test_iter6_changeset.TestMemberPayable" name="test_payment_row_created" time="0.178" /><testcase classname="tests.test_iter6_changeset.TestMemberFilters" name="test_gender_filter" time="0.098" /><testcase classname="tests.test_iter6_changeset.TestMemberFilters" name="test_batch_filter" time="0.085" /><testcase classname="tests.test_iter6_changeset.TestMemberFilters" name="test_search_field_scoping" time="0.269" /><testcase classname="tests.test_iter6_changeset.TestOutlets" name="test_create_outlet_name_address_only" time="0.194" /><testcase classname="tests.test_iter6_changeset.TestStaffPermissions" name="test_staff_created_with_permission_fields" time="0.313" /><testcase classname="tests.test_iter6_changeset.TestStaffPermissions" name="test_view_staff_can_read_members" time="0.493" /><testcase classname="tests.test_iter6_changeset.TestStaffPermissions" name="test_view_staff_cannot_create_member" time="0.473" /><testcase classname="tests.test_iter6_changeset.TestStaffPermissions" name="test_view_staff_cannot_mutate_plan_expense_enquiry_payment" time="0.618" /><testcase classname="tests.test_iter6_changeset.TestStaffPermissions" name="test_view_staff_no_finance_access" time="0.484" /><testcase classname="tests.test_iter6_changeset.TestStaffPermissions" name="test_enable_finance_grants_access" time="0.584" /><testcase classname="tests.test_iter6_changeset.TestStaffPermissions" name="test_invalid_permission_rejected" time="0.081" /><testcase classname="tests.test_iter6_changeset.TestPlanCategory" name="test_plan_type_tabs[membership]" time="0.178" /><testcase classname="tests.test_iter6_changeset.TestPlanCategory" name="test_plan_type_tabs[pt]" time="0.180" /><testcase classname="tests.test_iter6_changeset.TestPlanCategory" name="test_plan_type_tabs[service]" time="0.158" /><testcase classname="tests.test_iter6_changeset.TestPlanCategory" name="test_plan_type_tabs[product]" time="0.174" /><testcase classname="tests.test_iter6_changeset.TestPlanCategory" name="test_invalid_type_rejected" time="0.092" /><testcase classname="tests.test_iter6_changeset.TestPlatformSettings" name="test_price_propagation_and_restore" time="1.016" /><testcase classname="tests.test_iter6_changeset.TestPlatformSettings" name="test_invalid_price_rejected" time="0.218" /><testcase classname="tests.test_iter6_changeset.TestPlatformSettings" name="test_razorpay_keys_roundtrip" time="0.294" /><testcase classname="tests.test_iter6_changeset.TestPlatformSettings" name="test_price_only_update_preserves_other_settings" time="0.355" /><testcase classname="tests.test_iter6_changeset.TestPlatformSettings" name="test_settings_require_super_admin" time="0.098" /><testcase classname="tests.test_iter6_changeset.TestUploads" name="test_photo_upload_and_fetch" time="28.018" /><testcase classname="tests.test_iter6_changeset.TestUploads" name="test_photo_rejects_pdf" time="0.163" /><testcase classname="tests.test_iter6_changeset.TestUploads" name="test_attachment_accepts_pdf" time="0.250" /><testcase classname="tests.test_iter6_changeset.TestUploads" name="test_files_requires_auth" time="0.501" /><testcase classname="tests.test_iter6_changeset.TestAnnouncementsRemoved" name="test_announcements_endpoint_state" time="0.081" /><testcase classname="tests.test_iter6_changeset" name="test_zz_cleanup" time="0.908" /><testcase classname="tests.test_iter7_fixes.TestPlatformSettingsFixed" name="test_zero_price_returns_422" time="0.453" /><testcase classname="tests.test_iter7_fixes.TestPlatformSettingsFixed" name="test_negative_price_returns_422" time="0.072" /><testcase classname="tests.test_iter7_fixes.TestPlatformSettingsFixed" name="test_partial_save_preserves_other_keys" time="0.454" /><testcase classname="tests.test_iter7_fixes.TestStaffPermissionAndDelete" name="test_manager_with_view_permission_cannot_write" time="1.765" /><testcase classname="tests.test_iter7_fixes.TestStaffPermissionAndDelete" name="test_manager_with_manage_permission_can_write" time="0.601" /><testcase classname="tests.test_iter7_fixes.TestStaffPermissionAndDelete" name="test_delete_staff_removes_linked_login_user" time="1.343" /><testcase classname="tests.test_iter7_fixes.TestPayableZeroPaid" name="test_full_discount_zero_paid_is_paid" time="0.277" /><testcase classname="tests.test_iter7_fixes.TestPayableZeroPaid" name="test_deleted_member_is_gone" time="0.287" /><testcase classname="tests.test_iter7_fixes" name="test_demo_batches_deduplicated" time="0.067" /><testcase classname="tests.test_milestones.TestPlans" name="test_list_plans" time="0.472" /><testcase classname="tests.test_milestones.TestPlans" name="test_membership_plan_crud" time="0.492" /><testcase classname="tests.test_milestones.TestPlans" name="test_other_catalogue_types[pt-extra0]" time="0.247" /><testcase classname="tests.test_milestones.TestPlans" name="test_other_catalogue_types[service-extra1]" time="0.262" /><testcase classname="tests.test_milestones.TestPlans" name="test_other_catalogue_types[product-extra2]" time="0.241" /><testcase classname="tests.test_milestones.TestPlans" name="test_plan_validation" time="0.075" /><testcase classname="tests.test_milestones.TestMembers" name="test_seeded_list" time="0.087" /><testcase classname="tests.test_milestones.TestMembers" name="test_pagination" time="0.184" /><testcase classname="tests.test_milestones.TestMembers" name="test_search" time="0.079" /><testcase classname="tests.test_milestones.TestMembers" name="test_status_filter" time="0.099" /><testcase classname="tests.test_milestones.TestMembers" name="test_create_member_expiry_and_due" time="0.417" /><testcase classname="tests.test_milestones.TestMembers" name="test_update_member" time="0.165" /><testcase classname="tests.test_milestones.TestMembers" name="test_freeze_unfreeze" time="0.389" /><testcase classname="tests.test_milestones.TestMembers" name="test_record_payment_reduces_due" time="0.315" /><testcase classname="tests.test_milestones.TestMembers" name="test_renew" time="0.235" /><testcase classname="tests.test_milestones.TestMembers" name="test_transaction_history" time="0.403" /><testcase classname="tests.test_milestones.TestMembers" name="test_attendance_history_for_member" time="0.156" /><testcase classname="tests.test_milestones.TestMembers" name="test_duplicate_checkin_blocked" time="0.084" /><testcase classname="tests.test_milestones.TestMembers" name="test_checkout" time="0.241" /><testcase classname="tests.test_milestones.TestMembers" name="test_attendance_history_endpoint" time="0.076" /><testcase classname="tests.test_milestones.TestMembers" name="test_delete_member" time="0.229" /><testcase classname="tests.test_milestones.TestPayments" name="test_list_seeded" time="0.096" /><testcase classname="tests.test_milestones.TestPayments" name="test_method_filter" time="0.078" /><testcase classname="tests.test_milestones.TestEnquiries" name="test_create_and_list" time="0.156" /><testcase classname="tests.test_milestones.TestEnquiries" name="test_follow_up" time="0.162" /><testcase classname="tests.test_milestones.TestEnquiries" name="test_convert_to_member" time="0.245" /><testcase classname="tests.test_milestones.TestExpenses" name="test_crud" time="0.465" /><testcase classname="tests.test_milestones.TestExpenses" name="test_validation" time="0.071" /><testcase classname="tests.test_milestones.TestOutlets" name="test_crud_and_toggle" time="0.544" /><testcase classname="tests.test_milestones.TestOutlets" name="test_primary_outlet_cannot_be_disabled" time="0.157" /><testcase classname="tests.test_milestones.TestStaff" name="test_crud_login_and_disable" time="1.612" /><testcase classname="tests.test_milestones.TestStaff" name="test_invalid_role" time="0.076" /><testcase classname="tests.test_milestones.TestAnnouncements" name="test_audience_count" time="0.185" /><testcase classname="tests.test_milestones.TestAnnouncements" name="test_send_now_is_honest" time="0.183" /><testcase classname="tests.test_milestones.TestAnnouncements" name="test_scheduled" time="0.225" /><testcase classname="tests.test_milestones.TestAnnouncements" name="test_history_list" time="0.079" /><testcase classname="tests.test_milestones.TestAnnouncements" name="test_cleanup" time="0.075" /><testcase classname="tests.test_milestones.TestFinance" name="test_summary_ranges[today]" time="0.087" /><testcase classname="tests.test_milestones.TestFinance" name="test_summary_ranges[week]" time="0.078" /><testcase classname="tests.test_milestones.TestFinance" name="test_summary_ranges[month]" time="0.076" /><testcase classname="tests.test_milestones.TestFinance" name="test_summary_ranges[year]" time="0.077" /><testcase classname="tests.test_milestones.TestFinance" name="test_transactions" time="0.087" /><testcase classname="tests.test_milestones.TestFinance" name="test_outlet_filter" time="0.077" /><testcase classname="tests.test_milestones.TestFinance" name="test_custom_range" time="0.077" /><testcase classname="tests.test_milestones.TestReports" name="test_revenue_trend" time="0.080" /><testcase classname="tests.test_milestones.TestReports" name="test_member_growth" time="0.086" /><testcase classname="tests.test_milestones.TestReports" name="test_outstanding_dues" time="0.081" /><testcase classname="tests.test_milestones.TestReports" name="test_membership_expiry" time="0.080" /><testcase classname="tests.test_milestones.TestReports" name="test_enquiry_conversion" time="0.075" /><testcase classname="tests.test_milestones.TestExport" name="test_csv[members]" time="0.075" /><testcase classname="tests.test_milestones.TestExport" name="test_csv[payments]" time="0.073" /><testcase classname="tests.test_milestones.TestExport" name="test_csv[attendance]" time="0.076" /><testcase classname="tests.test_milestones.TestExport" name="test_csv[expenses]" time="0.082" /><testcase classname="tests.test_milestones.TestExport" name="test_csv[enquiries]" time="0.090" /><testcase classname="tests.test_milestones.TestExport" name="test_csv[staff]" time="0.075" /><testcase classname="tests.test_milestones.TestExport" name="test_csv[plans]" time="0.076" /><testcase classname="tests.test_milestones.TestExport" name="test_members_csv_rows" time="0.073" /><testcase classname="tests.test_milestones.TestExport" name="test_unknown_dataset" time="0.074" /><testcase classname="tests.test_milestones.TestSubscription" name="test_get_subscription" time="0.075" /><testcase classname="tests.test_milestones.TestSubscription" name="test_create_order_honest_503" time="0.082" /><testcase classname="tests.test_milestones.TestSubscription" name="test_verify_rejects" time="0.074" /><testcase classname="tests.test_milestones.TestMisc" name="test_support_request" time="0.075" /><testcase classname="tests.test_milestones.TestMisc" name="test_gym_profile_and_user_profile" time="0.155" /><testcase classname="tests.test_milestones.TestSuperAdmin" name="test_overview" time="0.421" /><testcase classname="tests.test_milestones.TestSuperAdmin" name="test_gyms_list_and_detail" time="0.134" /><testcase classname="tests.test_milestones.TestSuperAdmin" name="test_disable_reactivate_demo_gym" time="1.089" /><testcase classname="tests.test_milestones.TestSuperAdmin" name="test_platform_settings" time="0.208" /><testcase classname="tests.test_milestones.TestSuperAdmin" name="test_audit_logs" time="0.068" /><testcase classname="tests.test_milestones.TestSuperAdmin" name="test_org_routes_forbidden_for_super_admin" time="0.066" /><testcase classname="tests.test_milestones.TestSuperAdmin" name="test_admin_routes_forbidden_for_org_user" time="0.298" /><testcase classname="tests.test_milestones.TestTenantIsolation" name="test_fresh_org_is_empty_and_isolated" time="1.100" /><testcase classname="tests.test_milestones.TestTenantIsolation" name="test_cleanup_iso_org" time="0.021" /><testcase classname="tests.test_retest_iter4" name="test_membership_plans_present" time="0.451" /><testcase classname="tests.test_retest_iter4" name="test_all_plan_types_queryable" time="0.320" /><testcase classname="tests.test_retest_iter4" name="test_no_plan_missing_type" time="0.089" /><testcase classname="tests.test_retest_iter4" name="test_staff_roles_lowercase" time="0.074" /><testcase classname="tests.test_retest_iter4" name="test_staff_create_normalizes_role" time="0.159" /><testcase classname="tests.test_retest_iter4" name="test_primary_outlet_toggle_409" time="0.162" /><testcase classname="tests.test_retest_iter4" name="test_finance_summary" time="0.074" /><testcase classname="tests.test_retest_iter4" name="test_announcement_audience_count" time="0.156" /><testcase classname="tests.test_retest_iter4" name="test_super_admin_overview" time="0.568" /></testsuite></testsuites>