<?xml version="1.0" encoding="utf-8"?><testsuites name="pytest tests"><testsuite name="pytest" errors="0" failures="0" skipped="0" tests="181" time="40.968" timestamp="2026-09-04T07:52:21.429409+00:00" hostname="agent-env-c43c9798-4763-40ab-9e51-6aef77f161f4"><testcase classname="tests.test_milestones.TestExport" name="test_csv[members]" time="0.605" /><testcase classname="tests.test_milestones.TestMembers" name="test_seeded_list" time="0.662" /><testcase classname="tests.test_milestones.TestExport" name="test_csv[payments]" time="0.096" /><testcase classname="tests.test_milestones.TestMembers" name="test_pagination" time="0.103" /><testcase classname="tests.test_milestones.TestExport" name="test_csv[attendance]" time="0.115" /><testcase classname="tests.test_milestones.TestMembers" name="test_search" time="0.094" /><testcase classname="tests.test_milestones.TestExport" name="test_csv[expenses]" time="0.119" /><testcase classname="tests.test_milestones.TestMembers" name="test_status_filter" time="0.055" /><testcase classname="tests.test_milestones.TestExport" name="test_csv[enquiries]" time="0.058" /><testcase classname="tests.test_milestones.TestExport" name="test_csv[staff]" time="0.123" /><testcase classname="tests.test_milestones.TestMembers" name="test_create_member_expiry_and_due" time="0.303" /><testcase classname="tests.test_milestones.TestExport" name="test_csv[plans]" time="0.059" /><testcase classname="tests.test_milestones.TestExport" name="test_members_csv_rows" time="0.083" /><testcase classname="tests.test_milestones.TestMembers" name="test_update_member" time="0.143" /><testcase classname="tests.test_milestones.TestExport" name="test_unknown_dataset" time="0.107" /><testcase classname="tests.test_milestones.TestMembers" name="test_freeze_unfreeze" time="0.440" /><testcase classname="tests.test_retest_iter4" name="test_membership_plans_present" time="0.396" /><testcase classname="tests.test_retest_iter4" name="test_all_plan_types_queryable" time="0.275" /><testcase classname="tests.test_milestones.TestMembers" name="test_record_payment_reduces_due" time="0.210" /><testcase classname="tests.test_milestones.TestMembers" name="test_renew" time="0.202" /><testcase classname="tests.test_retest_iter4" name="test_no_plan_missing_type" time="0.060" /><testcase classname="tests.test_retest_iter4" name="test_staff_roles_lowercase" time="0.059" /><testcase classname="tests.test_retest_iter4" name="test_staff_create_normalizes_role" time="0.126" /><testcase classname="tests.test_milestones.TestMembers" name="test_transaction_history" time="0.051" /><testcase classname="tests.test_milestones.TestMembers" name="test_attendance_history_for_member" time="0.149" /><testcase classname="tests.test_retest_iter4" name="test_primary_outlet_toggle_409" time="0.143" /><testcase classname="tests.test_milestones.TestMembers" name="test_duplicate_checkin_blocked" time="0.054" /><testcase classname="tests.test_retest_iter4" name="test_finance_summary" time="0.107" /><testcase classname="tests.test_milestones.TestMembers" name="test_checkout" time="0.158" /><testcase classname="tests.test_retest_iter4" name="test_announcement_audience_count" time="0.163" /><testcase classname="tests.test_milestones.TestMembers" name="test_attendance_history_endpoint" time="0.052" /><testcase classname="tests.test_milestones.TestMembers" name="test_delete_member" time="0.369" /><testcase classname="tests.test_retest_iter4" name="test_super_admin_overview" time="0.710" /><testcase classname="tests.test_iter6_changeset.TestMemberPayable" name="test_next_code_does_not_consume" time="0.485" /><testcase classname="tests.backend_test.TestRegistrationAndIsolation" name="test_register_creates_isolated_tenant" time="0.706" /><testcase classname="tests.test_iter6_changeset.TestMemberPayable" name="test_create_full_paid" time="0.443" /><testcase classname="tests.test_iter6_changeset.TestMemberPayable" name="test_create_partial" time="0.067" /><testcase classname="tests.test_iter6_changeset.TestMemberPayable" name="test_create_due" time="0.082" /><testcase classname="tests.backend_test.TestRegistrationAndIsolation" name="test_register_duplicate_email" time="0.473" /><testcase classname="tests.test_iter6_changeset.TestMemberPayable" name="test_batch_auto_created" time="0.065" /><testcase classname="tests.test_iter6_changeset.TestMemberPayable" name="test_optional_step2_fields_persist" time="0.351" /><testcase classname="tests.test_iter6_changeset.TestMemberPayable" name="test_payment_row_created" time="0.174" /><testcase classname="tests.backend_test.TestRegistrationAndIsolation" name="test_register_validation[email-not-an-email-bad email]" time="0.105" /><testcase classname="tests.backend_test.TestRegistrationAndIsolation" name="test_register_validation[password-short-short password]" time="0.306" /><testcase classname="tests.backend_test.TestRegistrationAndIsolation" name="test_register_validation[phone-12345-short phone]" time="0.410" /><testcase classname="tests.test_iter6_changeset.TestStaffPermissions" name="test_staff_created_with_permission_fields" time="0.288" /><testcase classname="tests.test_iter6_changeset.TestStaffPermissions" name="test_view_staff_can_read_members" time="0.423" /><testcase classname="tests.backend_test.TestRegistrationAndIsolation" name="test_register_validation[full_name-A-short name]" time="0.119" /><testcase classname="tests.test_iter6_changeset.TestStaffPermissions" name="test_view_staff_cannot_create_member" time="0.547" /><testcase classname="tests.backend_test.TestRegistrationAndIsolation" name="test_register_11_digit_phone_normalised" time="0.514" /><testcase classname="tests.test_iter6_changeset.TestStaffPermissions" name="test_view_staff_cannot_mutate_plan_expense_enquiry_payment" time="0.794" /><testcase classname="tests.test_iter9_subscription.TestAdminSettingsRazorpayValidation" name="test_invalid_key_rejected[https://example.com/link]" time="0.669" /><testcase classname="tests.test_iter6_changeset.TestStaffPermissions" name="test_view_staff_no_finance_access" time="0.690" /><testcase classname="tests.test_iter9_subscription.TestAdminSettingsRazorpayValidation" name="test_invalid_key_rejected[abc123]" time="0.692" /><testcase classname="tests.test_iter6_changeset.TestStaffPermissions" name="test_enable_finance_grants_access" time="0.685" /><testcase classname="tests.test_iter9_subscription.TestAdminSettingsRazorpayValidation" name="test_invalid_key_rejected[rzp_FAKE]" time="0.739" /><testcase classname="tests.test_iter6_changeset.TestStaffPermissions" name="test_invalid_permission_rejected" time="0.065" /><testcase classname="tests.test_iter9_subscription.TestAdminSettingsRazorpayValidation" name="test_invalid_key_rejected[ key_id ]" time="0.689" /><testcase classname="tests.test_iter9_subscription.TestRegressionSmoke" name="test_core_endpoints_ok[/auth/me]" time="0.663" /><testcase classname="tests.test_iter9_subscription.TestAdminSettingsRazorpayValidation" name="test_plan_price_validation" time="0.561" /><testcase classname="tests.test_iter9_subscription.TestRegressionSmoke" name="test_core_endpoints_ok[/dashboard/summary]" time="0.591" /><testcase classname="tests.test_iter9_subscription.TestAdminSettingsRazorpayValidation" name="test_settings_get_no_mongo_id" time="0.600" /><testcase classname="tests.test_iter9_subscription.TestRegressionSmoke" name="test_core_endpoints_ok[/members?limit=5]" time="0.572" /><testcase classname="tests.test_iter9_subscription.TestAdminSettingsRazorpayValidation" name="test_settings_requires_super_admin" time="0.591" /><testcase classname="tests.test_iter9_subscription.TestRegressionSmoke" name="test_core_endpoints_ok[/payments?limit=5]" time="0.613" /><testcase classname="tests.test_milestones.TestFinance" name="test_summary_ranges[today]" time="0.591" /><testcase classname="tests.test_iter9_subscription.TestRegressionSmoke" name="test_core_endpoints_ok[/outlets]" time="0.588" /><testcase classname="tests.test_milestones.TestFinance" name="test_summary_ranges[week]" time="0.059" /><testcase classname="tests.test_milestones.TestFinance" name="test_summary_ranges[month]" time="0.064" /><testcase classname="tests.test_milestones.TestFinance" name="test_summary_ranges[year]" time="0.059" /><testcase classname="tests.test_milestones.TestFinance" name="test_transactions" time="0.229" /><testcase classname="tests.test_iter9_subscription.TestRegressionSmoke" name="test_core_endpoints_ok[/plans]" time="0.395" /><testcase classname="tests.test_milestones.TestFinance" name="test_outlet_filter" time="0.449" /><testcase classname="tests.test_iter9_subscription.TestRegressionSmoke" name="test_core_endpoints_ok[/public/config]" time="0.414" /><testcase classname="tests.test_milestones.TestFinance" name="test_custom_range" time="0.060" /><testcase classname="tests.backend_test.TestLogin" name="test_login_demo_by_email" time="0.512" /><testcase classname="tests.test_milestones.TestSuperAdmin" name="test_overview" time="0.562" /><testcase classname="tests.test_milestones.TestSuperAdmin" name="test_gyms_list_and_detail" time="0.342" /><testcase classname="tests.backend_test.TestLogin" name="test_login_httponly_flag_present" time="0.340" /><testcase classname="tests.backend_test.TestLogin" name="test_login_demo_by_mobile" time="0.380" /><testcase classname="tests.backend_test.TestLogin" name="test_login_super_admin" time="0.453" /><testcase classname="tests.backend_test.TestLogin" name="test_login_wrong_password" time="0.359" /><testcase classname="tests.test_milestones.TestSuperAdmin" name="test_disable_reactivate_demo_gym" time="2.278" /><testcase classname="tests.backend_test.TestLogin" name="test_login_unknown_user" time="0.151" /><testcase classname="tests.backend_test.TestMeAndProtection" name="test_me_requires_auth" time="0.271" /><testcase classname="tests.backend_test.TestMeAndProtection" name="test_me_returns_org_outlets_subscription" time="0.594" /><testcase classname="tests.backend_test.TestMeAndProtection" name="test_dashboard_requires_auth" time="0.315" /><testcase classname="tests.test_milestones.TestSuperAdmin" name="test_platform_settings" time="0.225" /><testcase classname="tests.test_milestones.TestSuperAdmin" name="test_audit_logs" time="0.065" /><testcase classname="tests.backend_test.TestMeAndProtection" name="test_super_admin_blocked_from_org_endpoints" time="0.561" /><testcase classname="tests.test_milestones.TestSuperAdmin" name="test_org_routes_forbidden_for_super_admin" time="0.066" /><testcase classname="tests.test_milestones.TestSuperAdmin" name="test_admin_routes_forbidden_for_org_user" time="0.441" /><testcase classname="tests.test_iter5_fixes" name="test_catalogue_not_empty[membership]" time="0.578" /><testcase classname="tests.backend_test.TestMeAndProtection" name="test_refresh_and_logout" time="0.785" /><testcase classname="tests.test_iter5_fixes" name="test_catalogue_not_empty[pt]" time="0.055" /><testcase classname="tests.test_iter5_fixes" name="test_catalogue_not_empty[service]" time="0.061" /><testcase classname="tests.test_iter5_fixes" name="test_catalogue_not_empty[product]" time="0.057" /><testcase classname="tests.test_iter5_fixes" name="test_reports_include_id" time="0.116" /><testcase classname="tests.backend_test.TestMeAndProtection" name="test_invalid_token_rejected" time="0.104" /><testcase classname="tests.test_iter5_fixes" name="test_member_code_no_collision" time="0.845" /><testcase classname="tests.test_milestones.TestPlans" name="test_list_plans" time="0.444" /><testcase classname="tests.test_milestones.TestPlans" name="test_membership_plan_crud" time="0.412" /><testcase classname="tests.test_milestones.TestPlans" name="test_other_catalogue_types[pt-extra0]" time="0.889" /><testcase classname="tests.test_iter6_changeset.TestPlanCategory" name="test_plan_type_tabs[membership]" time="1.048" /><testcase classname="tests.test_milestones.TestPlans" name="test_other_catalogue_types[service-extra1]" time="0.221" /><testcase classname="tests.test_iter6_changeset.TestPlanCategory" name="test_plan_type_tabs[pt]" time="0.199" /><testcase classname="tests.test_milestones.TestPlans" name="test_other_catalogue_types[product-extra2]" time="0.197" /><testcase classname="tests.test_iter6_changeset.TestPlanCategory" name="test_plan_type_tabs[service]" time="0.200" /><testcase classname="tests.test_milestones.TestPlans" name="test_plan_validation" time="0.063" /><testcase classname="tests.test_iter6_changeset.TestPlanCategory" name="test_plan_type_tabs[product]" time="0.383" /><testcase classname="tests.test_iter6_changeset.TestPlanCategory" name="test_invalid_type_rejected" time="0.245" /><testcase classname="tests.test_iter6_changeset.TestPlatformSettings" name="test_price_propagation_and_restore" time="1.454" /><testcase classname="tests.test_milestones.TestAnnouncements" name="test_audience_count" time="0.480" /><testcase classname="tests.test_milestones.TestAnnouncements" name="test_send_now_is_honest" time="0.147" /><testcase classname="tests.test_milestones.TestAnnouncements" name="test_scheduled" time="0.192" /><testcase classname="tests.test_iter6_changeset.TestPlatformSettings" name="test_invalid_price_rejected" time="0.173" /><testcase classname="tests.test_milestones.TestAnnouncements" name="test_history_list" time="0.067" /><testcase classname="tests.test_milestones.TestAnnouncements" name="test_cleanup" time="0.062" /><testcase classname="tests.test_milestones.TestReports" name="test_revenue_trend" time="0.076" /><testcase classname="tests.test_iter6_changeset.TestPlatformSettings" name="test_razorpay_keys_roundtrip" time="0.254" /><testcase classname="tests.test_milestones.TestReports" name="test_member_growth" time="0.118" /><testcase classname="tests.test_milestones.TestReports" name="test_outstanding_dues" time="0.069" /><testcase classname="tests.test_milestones.TestReports" name="test_membership_expiry" time="0.070" /><testcase classname="tests.test_iter6_changeset.TestPlatformSettings" name="test_price_only_update_preserves_other_settings" time="0.281" /><testcase classname="tests.test_milestones.TestReports" name="test_enquiry_conversion" time="0.110" /><testcase classname="tests.test_iter6_changeset.TestPlatformSettings" name="test_settings_require_super_admin" time="0.236" /><testcase classname="tests.test_iter6_changeset.TestUploads" name="test_photo_upload_and_fetch" time="7.733" /><testcase classname="tests.backend_test.TestDashboard" name="test_summary_shape_and_values" time="0.418" /><testcase classname="tests.backend_test.TestDashboard" name="test_summary_outlet_filter" time="0.932" /><testcase classname="tests.backend_test.TestDashboard" name="test_summary_bogus_outlet_returns_zeros" time="0.412" /><testcase classname="tests.backend_test.TestDashboard" name="test_recent_transactions" time="0.493" /><testcase classname="tests.test_iter9_subscription.TestSubscriptionPayload" name="test_subscription_payload" time="0.402" /><testcase classname="tests.test_iter9_subscription.TestSubscriptionPayload" name="test_autodebit_start_fails_gracefully" time="0.401" /><testcase classname="tests.test_iter9_subscription.TestSubscriptionPayload" name="test_autodebit_cancel_no_subscription" time="0.390" /><testcase classname="tests.test_iter9_subscription.TestSubscriptionPayload" name="test_subscription_requires_auth" time="0.115" /><testcase classname="tests.backend_test.TestOnboarding" name="test_get_onboarding" time="0.392" /><testcase classname="tests.backend_test.TestOnboarding" name="test_dismiss_persists_and_restore" time="0.524" /><testcase classname="tests.backend_test.TestOnboarding" name="test_unknown_keys_ignored" time="0.386" /><testcase classname="tests.backend_test.TestPasswordReset" name="test_forgot_password_generic_for_known_and_unknown" time="0.166" /><testcase classname="tests.backend_test.TestPasswordReset" name="test_forgot_password_bad_email_422" time="0.132" /><testcase classname="tests.backend_test.TestPasswordReset" name="test_reset_token_stored_hashed_and_full_flow" time="3.922" /><testcase classname="tests.test_iter6_changeset.TestUploads" name="test_photo_rejects_pdf" time="0.262" /><testcase classname="tests.test_iter6_changeset.TestUploads" name="test_attachment_accepts_pdf" time="0.367" /><testcase classname="tests.test_iter6_changeset.TestUploads" name="test_files_requires_auth" time="0.450" /><testcase classname="tests.test_iter6_changeset.TestMemberFilters" name="test_gender_filter" time="0.594" /><testcase classname="tests.test_iter7_fixes.TestPlatformSettingsFixed" name="test_zero_price_returns_422" time="0.579" /><testcase classname="tests.test_iter6_changeset.TestMemberFilters" name="test_batch_filter" time="0.068" /><testcase classname="tests.test_iter7_fixes.TestPlatformSettingsFixed" name="test_negative_price_returns_422" time="0.069" /><testcase classname="tests.test_iter6_changeset.TestMemberFilters" name="test_search_field_scoping" time="0.257" /><testcase classname="tests.test_iter7_fixes.TestPlatformSettingsFixed" name="test_partial_save_preserves_other_keys" time="0.902" /><testcase classname="tests.test_iter7_fixes.TestStaffPermissionAndDelete" name="test_manager_with_view_permission_cannot_write" time="1.687" /><testcase classname="tests.test_milestones.TestEnquiries" name="test_create_and_list" time="0.876" /><testcase classname="tests.test_milestones.TestEnquiries" name="test_follow_up" time="0.118" /><testcase classname="tests.test_iter7_fixes.TestStaffPermissionAndDelete" name="test_manager_with_manage_permission_can_write" time="0.508" /><testcase classname="tests.test_milestones.TestEnquiries" name="test_convert_to_member" time="0.858" /><testcase classname="tests.test_iter7_fixes.TestStaffPermissionAndDelete" name="test_delete_staff_removes_linked_login_user" time="1.415" /><testcase classname="tests.test_milestones.TestSubscription" name="test_get_subscription" time="0.061" /><testcase classname="tests.test_milestones.TestSubscription" name="test_create_order_honest_503" time="0.056" /><testcase classname="tests.test_milestones.TestSubscription" name="test_verify_rejects" time="0.228" /><testcase classname="tests.test_iter7_fixes.TestPayableZeroPaid" name="test_full_discount_zero_paid_is_paid" time="0.666" /><testcase classname="tests.test_iter7_fixes.TestPayableZeroPaid" name="test_deleted_member_is_gone" time="0.235" /><testcase classname="tests.backend_test.TestBruteForce" name="test_lockout_app_level" time="0.600" /><testcase classname="tests.backend_test.TestBruteForce" name="test_lockout_via_public_ingress" time="0.991" /><testcase classname="tests.test_milestones.TestPayments" name="test_list_seeded" time="1.051" /><testcase classname="tests.test_milestones.TestPayments" name="test_method_filter" time="0.061" /><testcase classname="tests.test_milestones.TestOutlets" name="test_crud_and_toggle" time="0.638" /><testcase classname="tests.test_milestones.TestExpenses" name="test_crud" time="1.155" /><testcase classname="tests.test_milestones.TestOutlets" name="test_primary_outlet_cannot_be_disabled" time="0.115" /><testcase classname="tests.test_milestones.TestStaff" name="test_crud_login_and_disable" time="1.369" /><testcase classname="tests.test_milestones.TestExpenses" name="test_validation" time="0.061" /><testcase classname="tests.test_milestones.TestMisc" name="test_support_request" time="0.063" /><testcase classname="tests.test_milestones.TestMisc" name="test_gym_profile_and_user_profile" time="0.539" /><testcase classname="tests.backend_test.TestPublicConfig" name="test_public_config" time="0.147" /><testcase classname="tests.test_milestones.TestStaff" name="test_invalid_role" time="0.062" /><testcase classname="tests.test_milestones.TestTenantIsolation" name="test_fresh_org_is_empty_and_isolated" time="1.397" /><testcase classname="tests.backend_test.TestCors" name="test_cors_allows_credentials_with_explicit_origin" time="0.002" /><testcase classname="tests.test_iter6_changeset.TestOutlets" name="test_create_outlet_name_address_only" time="0.672" /><testcase classname="tests.test_iter6_changeset" name="test_zz_cleanup" time="0.062" /><testcase classname="tests.test_iter7_fixes" name="test_demo_batches_deduplicated" time="0.414" /><testcase classname="tests.test_milestones.TestTenantIsolation" name="test_cleanup_iso_org" time="0.020" /><testcase classname="tests.test_iter6_changeset.TestAnnouncementsRemoved" name="test_announcements_endpoint_state" time="0.394" /></testsuite></testsuites>