<?xml version="1.0" encoding="utf-8"?><testsuites name="pytest tests"><testsuite name="pytest" errors="0" failures="0" skipped="0" tests="33" time="11.689" timestamp="2026-09-03T09:47:08.092959+00:00" hostname="agent-env-c43c9798-4763-40ab-9e51-6aef77f161f4"><testcase classname="tests.backend_test.TestLogin" name="test_login_demo_by_email" time="0.447" /><testcase classname="tests.backend_test.TestRegistrationAndIsolation" name="test_register_creates_isolated_tenant" time="1.303" /><testcase classname="tests.backend_test.TestLogin" name="test_login_httponly_flag_present" time="0.503" /><testcase classname="tests.backend_test.TestLogin" name="test_login_demo_by_mobile" time="0.339" /><testcase classname="tests.backend_test.TestLogin" name="test_login_super_admin" time="0.358" /><testcase classname="tests.backend_test.TestRegistrationAndIsolation" name="test_register_duplicate_email" time="0.853" /><testcase classname="tests.backend_test.TestLogin" name="test_login_wrong_password" time="0.502" /><testcase classname="tests.backend_test.TestLogin" name="test_login_unknown_user" time="0.113" /><testcase classname="tests.backend_test.TestRegistrationAndIsolation" name="test_register_validation[email-not-an-email-bad email]" time="0.131" /><testcase classname="tests.backend_test.TestMeAndProtection" name="test_me_requires_auth" time="0.113" /><testcase classname="tests.backend_test.TestRegistrationAndIsolation" name="test_register_validation[password-short-short password]" time="0.176" /><testcase classname="tests.backend_test.TestRegistrationAndIsolation" name="test_register_validation[phone-12345-short phone]" time="0.297" /><testcase classname="tests.backend_test.TestMeAndProtection" name="test_me_returns_org_outlets_subscription" time="0.444" /><testcase classname="tests.backend_test.TestRegistrationAndIsolation" name="test_register_validation[full_name-A-short name]" time="0.134" /><testcase classname="tests.backend_test.TestMeAndProtection" name="test_dashboard_requires_auth" time="0.416" /><testcase classname="tests.backend_test.TestRegistrationAndIsolation" name="test_register_11_digit_phone_normalised" time="0.356" /><testcase classname="tests.backend_test.TestMeAndProtection" name="test_super_admin_blocked_from_org_endpoints" time="0.632" /><testcase classname="tests.backend_test.TestDashboard" name="test_summary_shape_and_values" time="0.629" /><testcase classname="tests.backend_test.TestMeAndProtection" name="test_refresh_and_logout" time="0.865" /><testcase classname="tests.backend_test.TestDashboard" name="test_summary_outlet_filter" time="0.865" /><testcase classname="tests.backend_test.TestMeAndProtection" name="test_invalid_token_rejected" time="0.114" /><testcase classname="tests.backend_test.TestDashboard" name="test_summary_bogus_outlet_returns_zeros" time="0.593" /><testcase classname="tests.backend_test.TestOnboarding" name="test_get_onboarding" time="0.547" /><testcase classname="tests.backend_test.TestDashboard" name="test_recent_transactions" time="0.611" /><testcase classname="tests.backend_test.TestPasswordReset" name="test_forgot_password_generic_for_known_and_unknown" time="0.191" /><testcase classname="tests.backend_test.TestOnboarding" name="test_dismiss_persists_and_restore" time="0.822" /><testcase classname="tests.backend_test.TestPasswordReset" name="test_forgot_password_bad_email_422" time="0.136" /><testcase classname="tests.backend_test.TestPasswordReset" name="test_reset_token_stored_hashed_and_full_flow" time="4.416" /><testcase classname="tests.backend_test.TestOnboarding" name="test_unknown_keys_ignored" time="0.574" /><testcase classname="tests.backend_test.TestBruteForce" name="test_lockout_app_level" time="1.443" /><testcase classname="tests.backend_test.TestBruteForce" name="test_lockout_via_public_ingress" time="0.904" /><testcase classname="tests.backend_test.TestPublicConfig" name="test_public_config" time="0.167" /><testcase classname="tests.backend_test.TestCors" name="test_cors_allows_credentials_with_explicit_origin" time="0.003" /></testsuite></testsuites>