<?xml version="1.0" encoding="utf-8"?><testsuites name="pytest tests"><testsuite name="pytest" errors="0" failures="0" skipped="0" tests="114" time="30.465" timestamp="2026-09-03T11:18:42.037520+00:00" hostname="agent-env-c43c9798-4763-40ab-9e51-6aef77f161f4"><testcase classname="tests.backend_test.TestPublicConfig" name="test_public_config" time="0.287" /><testcase classname="tests.backend_test.TestLogin" name="test_login_demo_by_email" time="0.354" /><testcase classname="tests.backend_test.TestLogin" name="test_login_httponly_flag_present" time="0.373" /><testcase classname="tests.backend_test.TestLogin" name="test_login_demo_by_mobile" time="0.352" /><testcase classname="tests.backend_test.TestLogin" name="test_login_super_admin" time="0.362" /><testcase classname="tests.backend_test.TestLogin" name="test_login_wrong_password" time="0.364" /><testcase classname="tests.backend_test.TestLogin" name="test_login_unknown_user" time="0.136" /><testcase classname="tests.backend_test.TestMeAndProtection" name="test_me_requires_auth" time="0.115" /><testcase classname="tests.backend_test.TestMeAndProtection" name="test_me_returns_org_outlets_subscription" time="0.438" /><testcase classname="tests.backend_test.TestMeAndProtection" name="test_dashboard_requires_auth" time="0.246" /><testcase classname="tests.backend_test.TestMeAndProtection" name="test_super_admin_blocked_from_org_endpoints" time="0.492" /><testcase classname="tests.backend_test.TestMeAndProtection" name="test_refresh_and_logout" time="0.773" /><testcase classname="tests.backend_test.TestMeAndProtection" name="test_invalid_token_rejected" time="0.114" /><testcase classname="tests.backend_test.TestDashboard" name="test_summary_shape_and_values" time="0.418" /><testcase classname="tests.backend_test.TestDashboard" name="test_summary_outlet_filter" time="0.662" /><testcase classname="tests.backend_test.TestDashboard" name="test_summary_bogus_outlet_returns_zeros" time="0.429" /><testcase classname="tests.backend_test.TestDashboard" name="test_recent_transactions" time="0.414" /><testcase classname="tests.backend_test.TestOnboarding" name="test_get_onboarding" time="0.442" /><testcase classname="tests.backend_test.TestOnboarding" name="test_dismiss_persists_and_restore" time="0.589" /><testcase classname="tests.backend_test.TestOnboarding" name="test_unknown_keys_ignored" time="0.439" /><testcase classname="tests.backend_test.TestRegistrationAndIsolation" name="test_register_creates_isolated_tenant" time="0.550" /><testcase classname="tests.backend_test.TestRegistrationAndIsolation" name="test_register_duplicate_email" time="0.471" /><testcase classname="tests.backend_test.TestRegistrationAndIsolation" name="test_register_validation[email-not-an-email-bad email]" time="0.131" /><testcase classname="tests.backend_test.TestRegistrationAndIsolation" name="test_register_validation[password-short-short password]" time="0.130" /><testcase classname="tests.backend_test.TestRegistrationAndIsolation" name="test_register_validation[phone-12345-short phone]" time="0.135" /><testcase classname="tests.backend_test.TestRegistrationAndIsolation" name="test_register_validation[full_name-A-short name]" time="0.128" /><testcase classname="tests.backend_test.TestRegistrationAndIsolation" name="test_register_11_digit_phone_normalised" time="0.365" /><testcase classname="tests.backend_test.TestPasswordReset" name="test_forgot_password_generic_for_known_and_unknown" time="0.214" /><testcase classname="tests.backend_test.TestPasswordReset" name="test_forgot_password_bad_email_422" time="0.187" /><testcase classname="tests.backend_test.TestPasswordReset" name="test_reset_token_stored_hashed_and_full_flow" time="3.991" /><testcase classname="tests.backend_test.TestBruteForce" name="test_lockout_app_level" time="0.309" /><testcase classname="tests.backend_test.TestBruteForce" name="test_lockout_via_public_ingress" time="0.673" /><testcase classname="tests.backend_test.TestCors" name="test_cors_allows_credentials_with_explicit_origin" time="0.002" /><testcase classname="tests.test_milestones.TestPlans" name="test_list_plans" time="0.426" /><testcase classname="tests.test_milestones.TestPlans" name="test_membership_plan_crud" time="0.407" /><testcase classname="tests.test_milestones.TestPlans" name="test_other_catalogue_types[pt-extra0]" time="0.207" /><testcase classname="tests.test_milestones.TestPlans" name="test_other_catalogue_types[service-extra1]" time="0.211" /><testcase classname="tests.test_milestones.TestPlans" name="test_other_catalogue_types[product-extra2]" time="0.198" /><testcase classname="tests.test_milestones.TestPlans" name="test_plan_validation" time="0.070" /><testcase classname="tests.test_milestones.TestMembers" name="test_seeded_list" time="0.072" /><testcase classname="tests.test_milestones.TestMembers" name="test_pagination" time="0.149" /><testcase classname="tests.test_milestones.TestMembers" name="test_search" time="0.074" /><testcase classname="tests.test_milestones.TestMembers" name="test_status_filter" time="0.063" /><testcase classname="tests.test_milestones.TestMembers" name="test_create_member_expiry_and_due" time="0.363" /><testcase classname="tests.test_milestones.TestMembers" name="test_update_member" time="0.171" /><testcase classname="tests.test_milestones.TestMembers" name="test_freeze_unfreeze" time="0.347" /><testcase classname="tests.test_milestones.TestMembers" name="test_record_payment_reduces_due" time="0.284" /><testcase classname="tests.test_milestones.TestMembers" name="test_renew" time="0.239" /><testcase classname="tests.test_milestones.TestMembers" name="test_transaction_history" time="0.066" /><testcase classname="tests.test_milestones.TestMembers" name="test_attendance_history_for_member" time="0.138" /><testcase classname="tests.test_milestones.TestMembers" name="test_duplicate_checkin_blocked" time="0.073" /><testcase classname="tests.test_milestones.TestMembers" name="test_checkout" time="0.208" /><testcase classname="tests.test_milestones.TestMembers" name="test_attendance_history_endpoint" time="0.076" /><testcase classname="tests.test_milestones.TestMembers" name="test_delete_member" time="0.215" /><testcase classname="tests.test_milestones.TestPayments" name="test_list_seeded" time="0.081" /><testcase classname="tests.test_milestones.TestPayments" name="test_method_filter" time="0.067" /><testcase classname="tests.test_milestones.TestEnquiries" name="test_create_and_list" time="0.140" /><testcase classname="tests.test_milestones.TestEnquiries" name="test_follow_up" time="0.141" /><testcase classname="tests.test_milestones.TestEnquiries" name="test_convert_to_member" time="0.213" /><testcase classname="tests.test_milestones.TestExpenses" name="test_crud" time="0.419" /><testcase classname="tests.test_milestones.TestExpenses" name="test_validation" time="0.065" /><testcase classname="tests.test_milestones.TestOutlets" name="test_crud_and_toggle" time="0.494" /><testcase classname="tests.test_milestones.TestOutlets" name="test_primary_outlet_cannot_be_disabled" time="0.138" /><testcase classname="tests.test_milestones.TestStaff" name="test_crud_login_and_disable" time="1.486" /><testcase classname="tests.test_milestones.TestStaff" name="test_invalid_role" time="0.075" /><testcase classname="tests.test_milestones.TestAnnouncements" name="test_audience_count" time="0.147" /><testcase classname="tests.test_milestones.TestAnnouncements" name="test_send_now_is_honest" time="0.139" /><testcase classname="tests.test_milestones.TestAnnouncements" name="test_scheduled" time="0.218" /><testcase classname="tests.test_milestones.TestAnnouncements" name="test_history_list" time="0.073" /><testcase classname="tests.test_milestones.TestAnnouncements" name="test_cleanup" time="0.067" /><testcase classname="tests.test_milestones.TestFinance" name="test_summary_ranges[today]" time="0.076" /><testcase classname="tests.test_milestones.TestFinance" name="test_summary_ranges[week]" time="0.070" /><testcase classname="tests.test_milestones.TestFinance" name="test_summary_ranges[month]" time="0.073" /><testcase classname="tests.test_milestones.TestFinance" name="test_summary_ranges[year]" time="0.070" /><testcase classname="tests.test_milestones.TestFinance" name="test_transactions" time="0.083" /><testcase classname="tests.test_milestones.TestFinance" name="test_outlet_filter" time="0.072" /><testcase classname="tests.test_milestones.TestFinance" name="test_custom_range" time="0.071" /><testcase classname="tests.test_milestones.TestReports" name="test_revenue_trend" time="0.071" /><testcase classname="tests.test_milestones.TestReports" name="test_member_growth" time="0.079" /><testcase classname="tests.test_milestones.TestReports" name="test_outstanding_dues" time="0.065" /><testcase classname="tests.test_milestones.TestReports" name="test_membership_expiry" time="0.073" /><testcase classname="tests.test_milestones.TestReports" name="test_enquiry_conversion" time="0.066" /><testcase classname="tests.test_milestones.TestExport" name="test_csv[members]" time="0.075" /><testcase classname="tests.test_milestones.TestExport" name="test_csv[payments]" time="0.066" /><testcase classname="tests.test_milestones.TestExport" name="test_csv[attendance]" time="0.073" /><testcase classname="tests.test_milestones.TestExport" name="test_csv[expenses]" time="0.065" /><testcase classname="tests.test_milestones.TestExport" name="test_csv[enquiries]" time="0.076" /><testcase classname="tests.test_milestones.TestExport" name="test_csv[staff]" time="0.075" /><testcase classname="tests.test_milestones.TestExport" name="test_csv[plans]" time="0.081" /><testcase classname="tests.test_milestones.TestExport" name="test_members_csv_rows" time="0.071" /><testcase classname="tests.test_milestones.TestExport" name="test_unknown_dataset" time="0.084" /><testcase classname="tests.test_milestones.TestSubscription" name="test_get_subscription" time="0.069" /><testcase classname="tests.test_milestones.TestSubscription" name="test_create_order_honest_503" time="0.072" /><testcase classname="tests.test_milestones.TestSubscription" name="test_verify_rejects" time="0.067" /><testcase classname="tests.test_milestones.TestMisc" name="test_support_request" time="0.076" /><testcase classname="tests.test_milestones.TestMisc" name="test_gym_profile_and_user_profile" time="0.141" /><testcase classname="tests.test_milestones.TestSuperAdmin" name="test_overview" time="0.395" /><testcase classname="tests.test_milestones.TestSuperAdmin" name="test_gyms_list_and_detail" time="0.134" /><testcase classname="tests.test_milestones.TestSuperAdmin" name="test_disable_reactivate_demo_gym" time="1.033" /><testcase classname="tests.test_milestones.TestSuperAdmin" name="test_platform_settings" time="0.190" /><testcase classname="tests.test_milestones.TestSuperAdmin" name="test_audit_logs" time="0.078" /><testcase classname="tests.test_milestones.TestSuperAdmin" name="test_org_routes_forbidden_for_super_admin" time="0.065" /><testcase classname="tests.test_milestones.TestSuperAdmin" name="test_admin_routes_forbidden_for_org_user" time="0.280" /><testcase classname="tests.test_milestones.TestTenantIsolation" name="test_fresh_org_is_empty_and_isolated" time="1.211" /><testcase classname="tests.test_milestones.TestTenantIsolation" name="test_cleanup_iso_org" time="0.020" /><testcase classname="tests.test_retest_iter4" name="test_membership_plans_present" time="0.431" /><testcase classname="tests.test_retest_iter4" name="test_all_plan_types_queryable" time="0.273" /><testcase classname="tests.test_retest_iter4" name="test_no_plan_missing_type" time="0.073" /><testcase classname="tests.test_retest_iter4" name="test_staff_roles_lowercase" time="0.067" /><testcase classname="tests.test_retest_iter4" name="test_staff_create_normalizes_role" time="0.142" /><testcase classname="tests.test_retest_iter4" name="test_primary_outlet_toggle_409" time="0.143" /><testcase classname="tests.test_retest_iter4" name="test_finance_summary" time="0.075" /><testcase classname="tests.test_retest_iter4" name="test_announcement_audience_count" time="0.140" /><testcase classname="tests.test_retest_iter4" name="test_super_admin_overview" time="0.509" /></testsuite></testsuites>