<?xml version="1.0" encoding="utf-8"?><testsuites name="pytest tests"><testsuite name="pytest" errors="0" failures="0" skipped="0" tests="114" time="34.681" timestamp="2026-09-03T11:23:54.591504+00:00" hostname="agent-env-c43c9798-4763-40ab-9e51-6aef77f161f4"><testcase classname="tests.backend_test.TestPublicConfig" name="test_public_config" time="0.147" /><testcase classname="tests.backend_test.TestLogin" name="test_login_demo_by_email" time="0.374" /><testcase classname="tests.backend_test.TestLogin" name="test_login_httponly_flag_present" time="0.341" /><testcase classname="tests.backend_test.TestLogin" name="test_login_demo_by_mobile" time="0.360" /><testcase classname="tests.backend_test.TestLogin" name="test_login_super_admin" time="0.361" /><testcase classname="tests.backend_test.TestLogin" name="test_login_wrong_password" time="0.338" /><testcase classname="tests.backend_test.TestLogin" name="test_login_unknown_user" time="0.114" /><testcase classname="tests.backend_test.TestMeAndProtection" name="test_me_requires_auth" time="0.125" /><testcase classname="tests.backend_test.TestMeAndProtection" name="test_me_returns_org_outlets_subscription" time="0.454" /><testcase classname="tests.backend_test.TestMeAndProtection" name="test_dashboard_requires_auth" time="0.220" /><testcase classname="tests.backend_test.TestMeAndProtection" name="test_super_admin_blocked_from_org_endpoints" time="0.523" /><testcase classname="tests.backend_test.TestMeAndProtection" name="test_refresh_and_logout" time="1.772" /><testcase classname="tests.backend_test.TestMeAndProtection" name="test_invalid_token_rejected" time="0.186" /><testcase classname="tests.backend_test.TestDashboard" name="test_summary_shape_and_values" time="0.465" /><testcase classname="tests.backend_test.TestDashboard" name="test_summary_outlet_filter" time="0.692" /><testcase classname="tests.backend_test.TestDashboard" name="test_summary_bogus_outlet_returns_zeros" time="0.398" /><testcase classname="tests.backend_test.TestDashboard" name="test_recent_transactions" time="0.433" /><testcase classname="tests.backend_test.TestOnboarding" name="test_get_onboarding" time="0.381" /><testcase classname="tests.backend_test.TestOnboarding" name="test_dismiss_persists_and_restore" time="0.575" /><testcase classname="tests.backend_test.TestOnboarding" name="test_unknown_keys_ignored" time="0.388" /><testcase classname="tests.backend_test.TestRegistrationAndIsolation" name="test_register_creates_isolated_tenant" time="0.525" /><testcase classname="tests.backend_test.TestRegistrationAndIsolation" name="test_register_duplicate_email" time="0.498" /><testcase classname="tests.backend_test.TestRegistrationAndIsolation" name="test_register_validation[email-not-an-email-bad email]" time="0.108" /><testcase classname="tests.backend_test.TestRegistrationAndIsolation" name="test_register_validation[password-short-short password]" time="0.120" /><testcase classname="tests.backend_test.TestRegistrationAndIsolation" name="test_register_validation[phone-12345-short phone]" time="0.117" /><testcase classname="tests.backend_test.TestRegistrationAndIsolation" name="test_register_validation[full_name-A-short name]" time="0.188" /><testcase classname="tests.backend_test.TestRegistrationAndIsolation" name="test_register_11_digit_phone_normalised" time="0.401" /><testcase classname="tests.backend_test.TestPasswordReset" name="test_forgot_password_generic_for_known_and_unknown" time="0.181" /><testcase classname="tests.backend_test.TestPasswordReset" name="test_forgot_password_bad_email_422" time="0.110" /><testcase classname="tests.backend_test.TestPasswordReset" name="test_reset_token_stored_hashed_and_full_flow" time="3.998" /><testcase classname="tests.backend_test.TestBruteForce" name="test_lockout_app_level" time="0.309" /><testcase classname="tests.backend_test.TestBruteForce" name="test_lockout_via_public_ingress" time="0.730" /><testcase classname="tests.backend_test.TestCors" name="test_cors_allows_credentials_with_explicit_origin" time="0.003" /><testcase classname="tests.test_milestones.TestPlans" name="test_list_plans" time="0.564" /><testcase classname="tests.test_milestones.TestPlans" name="test_membership_plan_crud" time="0.591" /><testcase classname="tests.test_milestones.TestPlans" name="test_other_catalogue_types[pt-extra0]" time="0.228" /><testcase classname="tests.test_milestones.TestPlans" name="test_other_catalogue_types[service-extra1]" time="0.248" /><testcase classname="tests.test_milestones.TestPlans" name="test_other_catalogue_types[product-extra2]" time="0.233" /><testcase classname="tests.test_milestones.TestPlans" name="test_plan_validation" time="0.083" /><testcase classname="tests.test_milestones.TestMembers" name="test_seeded_list" time="0.091" /><testcase classname="tests.test_milestones.TestMembers" name="test_pagination" time="0.163" /><testcase classname="tests.test_milestones.TestMembers" name="test_search" time="0.129" /><testcase classname="tests.test_milestones.TestMembers" name="test_status_filter" time="0.124" /><testcase classname="tests.test_milestones.TestMembers" name="test_create_member_expiry_and_due" time="0.583" /><testcase classname="tests.test_milestones.TestMembers" name="test_update_member" time="0.254" /><testcase classname="tests.test_milestones.TestMembers" name="test_freeze_unfreeze" time="0.585" /><testcase classname="tests.test_milestones.TestMembers" name="test_record_payment_reduces_due" time="0.421" /><testcase classname="tests.test_milestones.TestMembers" name="test_renew" time="0.404" /><testcase classname="tests.test_milestones.TestMembers" name="test_transaction_history" time="0.129" /><testcase classname="tests.test_milestones.TestMembers" name="test_attendance_history_for_member" time="0.188" /><testcase classname="tests.test_milestones.TestMembers" name="test_duplicate_checkin_blocked" time="0.074" /><testcase classname="tests.test_milestones.TestMembers" name="test_checkout" time="0.340" /><testcase classname="tests.test_milestones.TestMembers" name="test_attendance_history_endpoint" time="0.146" /><testcase classname="tests.test_milestones.TestMembers" name="test_delete_member" time="0.329" /><testcase classname="tests.test_milestones.TestPayments" name="test_list_seeded" time="0.099" /><testcase classname="tests.test_milestones.TestPayments" name="test_method_filter" time="0.137" /><testcase classname="tests.test_milestones.TestEnquiries" name="test_create_and_list" time="0.173" /><testcase classname="tests.test_milestones.TestEnquiries" name="test_follow_up" time="0.200" /><testcase classname="tests.test_milestones.TestEnquiries" name="test_convert_to_member" time="0.321" /><testcase classname="tests.test_milestones.TestExpenses" name="test_crud" time="0.495" /><testcase classname="tests.test_milestones.TestExpenses" name="test_validation" time="0.133" /><testcase classname="tests.test_milestones.TestOutlets" name="test_crud_and_toggle" time="0.569" /><testcase classname="tests.test_milestones.TestOutlets" name="test_primary_outlet_cannot_be_disabled" time="0.142" /><testcase classname="tests.test_milestones.TestStaff" name="test_crud_login_and_disable" time="1.647" /><testcase classname="tests.test_milestones.TestStaff" name="test_invalid_role" time="0.071" /><testcase classname="tests.test_milestones.TestAnnouncements" name="test_audience_count" time="0.163" /><testcase classname="tests.test_milestones.TestAnnouncements" name="test_send_now_is_honest" time="0.246" /><testcase classname="tests.test_milestones.TestAnnouncements" name="test_scheduled" time="0.321" /><testcase classname="tests.test_milestones.TestAnnouncements" name="test_history_list" time="0.117" /><testcase classname="tests.test_milestones.TestAnnouncements" name="test_cleanup" time="0.073" /><testcase classname="tests.test_milestones.TestFinance" name="test_summary_ranges[today]" time="0.085" /><testcase classname="tests.test_milestones.TestFinance" name="test_summary_ranges[week]" time="0.076" /><testcase classname="tests.test_milestones.TestFinance" name="test_summary_ranges[month]" time="0.094" /><testcase classname="tests.test_milestones.TestFinance" name="test_summary_ranges[year]" time="0.087" /><testcase classname="tests.test_milestones.TestFinance" name="test_transactions" time="0.120" /><testcase classname="tests.test_milestones.TestFinance" name="test_outlet_filter" time="0.079" /><testcase classname="tests.test_milestones.TestFinance" name="test_custom_range" time="0.092" /><testcase classname="tests.test_milestones.TestReports" name="test_revenue_trend" time="0.096" /><testcase classname="tests.test_milestones.TestReports" name="test_member_growth" time="0.078" /><testcase classname="tests.test_milestones.TestReports" name="test_outstanding_dues" time="0.120" /><testcase classname="tests.test_milestones.TestReports" name="test_membership_expiry" time="0.120" /><testcase classname="tests.test_milestones.TestReports" name="test_enquiry_conversion" time="0.098" /><testcase classname="tests.test_milestones.TestExport" name="test_csv[members]" time="0.084" /><testcase classname="tests.test_milestones.TestExport" name="test_csv[payments]" time="0.114" /><testcase classname="tests.test_milestones.TestExport" name="test_csv[attendance]" time="0.115" /><testcase classname="tests.test_milestones.TestExport" name="test_csv[expenses]" time="0.078" /><testcase classname="tests.test_milestones.TestExport" name="test_csv[enquiries]" time="0.121" /><testcase classname="tests.test_milestones.TestExport" name="test_csv[staff]" time="0.113" /><testcase classname="tests.test_milestones.TestExport" name="test_csv[plans]" time="0.120" /><testcase classname="tests.test_milestones.TestExport" name="test_members_csv_rows" time="0.078" /><testcase classname="tests.test_milestones.TestExport" name="test_unknown_dataset" time="0.076" /><testcase classname="tests.test_milestones.TestSubscription" name="test_get_subscription" time="0.087" /><testcase classname="tests.test_milestones.TestSubscription" name="test_create_order_honest_503" time="0.071" /><testcase classname="tests.test_milestones.TestSubscription" name="test_verify_rejects" time="0.071" /><testcase classname="tests.test_milestones.TestMisc" name="test_support_request" time="0.079" /><testcase classname="tests.test_milestones.TestMisc" name="test_gym_profile_and_user_profile" time="0.143" /><testcase classname="tests.test_milestones.TestSuperAdmin" name="test_overview" time="0.414" /><testcase classname="tests.test_milestones.TestSuperAdmin" name="test_gyms_list_and_detail" time="0.128" /><testcase classname="tests.test_milestones.TestSuperAdmin" name="test_disable_reactivate_demo_gym" time="1.038" /><testcase classname="tests.test_milestones.TestSuperAdmin" name="test_platform_settings" time="0.210" /><testcase classname="tests.test_milestones.TestSuperAdmin" name="test_audit_logs" time="0.054" /><testcase classname="tests.test_milestones.TestSuperAdmin" name="test_org_routes_forbidden_for_super_admin" time="0.054" /><testcase classname="tests.test_milestones.TestSuperAdmin" name="test_admin_routes_forbidden_for_org_user" time="0.338" /><testcase classname="tests.test_milestones.TestTenantIsolation" name="test_fresh_org_is_empty_and_isolated" time="1.207" /><testcase classname="tests.test_milestones.TestTenantIsolation" name="test_cleanup_iso_org" time="0.020" /><testcase classname="tests.test_retest_iter4" name="test_membership_plans_present" time="0.412" /><testcase classname="tests.test_retest_iter4" name="test_all_plan_types_queryable" time="0.255" /><testcase classname="tests.test_retest_iter4" name="test_no_plan_missing_type" time="0.135" /><testcase classname="tests.test_retest_iter4" name="test_staff_roles_lowercase" time="0.060" /><testcase classname="tests.test_retest_iter4" name="test_staff_create_normalizes_role" time="0.126" /><testcase classname="tests.test_retest_iter4" name="test_primary_outlet_toggle_409" time="0.128" /><testcase classname="tests.test_retest_iter4" name="test_finance_summary" time="0.078" /><testcase classname="tests.test_retest_iter4" name="test_announcement_audience_count" time="0.131" /><testcase classname="tests.test_retest_iter4" name="test_super_admin_overview" time="0.511" /></testsuite></testsuites>